2021-03-06 11:31:50.757  INFO 28344 --- [main] com.nik.SpringBootWebApplication         : Starting SpringBootWebApplication on NIKU-BLR-02 with PID 28344 (C:\Niket\Git\Spring-Boot\Spring-boot-JDBC-H2\target\classes started by niket.kumar in C:\Niket\Git\Spring-Boot\Spring-boot-JDBC-H2)
2021-03-06 11:31:50.761  INFO 28344 --- [main] com.nik.SpringBootWebApplication         : No active profile set, falling back to default profiles: default
2021-03-06 11:31:50.808  INFO 28344 --- [main] ationConfigEmbeddedWebApplicationContext : Refreshing org.springframework.boot.context.embedded.AnnotationConfigEmbeddedWebApplicationContext@7722c3c3: startup date [Sat Mar 06 11:31:50 IST 2021]; root of context hierarchy
2021-03-06 11:31:52.217  INFO 28344 --- [main] trationDelegate$BeanPostProcessorChecker : Bean 'org.springframework.transaction.annotation.ProxyTransactionManagementConfiguration' of type [class org.springframework.transaction.annotation.ProxyTransactionManagementConfiguration$$EnhancerBySpringCGLIB$$d1c871e4] is not eligible for getting processed by all BeanPostProcessors (for example: not eligible for auto-proxying)
2021-03-06 11:31:53.042  INFO 28344 --- [main] s.b.c.e.t.TomcatEmbeddedServletContainer : Tomcat initialized with port(s): 8090 (http)
2021-03-06 11:31:53.060  INFO 28344 --- [main] o.apache.catalina.core.StandardService   : Starting service Tomcat
2021-03-06 11:31:53.061  INFO 28344 --- [main] org.apache.catalina.core.StandardEngine  : Starting Servlet Engine: Apache Tomcat/8.5.6
2021-03-06 11:31:53.484  INFO 28344 --- [localhost-startStop-1] org.apache.jasper.servlet.TldScanner     : At least one JAR was scanned for TLDs yet contained no TLDs. Enable debug logging for this logger for a complete list of JARs that were scanned but no TLDs were found in them. Skipping unneeded JARs during scanning can improve startup time and JSP compilation time.
2021-03-06 11:31:53.493  INFO 28344 --- [localhost-startStop-1] o.a.c.c.C.[Tomcat].[localhost].[/]       : Initializing Spring embedded WebApplicationContext
2021-03-06 11:31:53.493  INFO 28344 --- [localhost-startStop-1] o.s.web.context.ContextLoader            : Root WebApplicationContext: initialization completed in 2688 ms
2021-03-06 11:31:53.787  INFO 28344 --- [localhost-startStop-1] o.s.b.w.servlet.ServletRegistrationBean  : Mapping servlet: 'dispatcherServlet' to [/]
2021-03-06 11:31:53.789  INFO 28344 --- [localhost-startStop-1] o.s.b.w.servlet.ServletRegistrationBean  : Mapping servlet: 'webServlet' to [/h2-console/*]
2021-03-06 11:31:53.795  INFO 28344 --- [localhost-startStop-1] o.s.b.w.servlet.FilterRegistrationBean   : Mapping filter: 'characterEncodingFilter' to: [/*]
2021-03-06 11:31:53.798  INFO 28344 --- [localhost-startStop-1] o.s.b.w.servlet.FilterRegistrationBean   : Mapping filter: 'hiddenHttpMethodFilter' to: [/*]
2021-03-06 11:31:53.798  INFO 28344 --- [localhost-startStop-1] o.s.b.w.servlet.FilterRegistrationBean   : Mapping filter: 'httpPutFormContentFilter' to: [/*]
2021-03-06 11:31:53.799  INFO 28344 --- [localhost-startStop-1] o.s.b.w.servlet.FilterRegistrationBean   : Mapping filter: 'requestContextFilter' to: [/*]
2021-03-06 11:31:54.221  INFO 28344 --- [main] j.LocalContainerEntityManagerFactoryBean : Building JPA container EntityManagerFactory for persistence unit 'default'
2021-03-06 11:31:54.244  INFO 28344 --- [main] o.hibernate.jpa.internal.util.LogHelper  : HHH000204: Processing PersistenceUnitInfo [
	name: default
	...]
2021-03-06 11:31:54.323  INFO 28344 --- [main] org.hibernate.Version                    : HHH000412: Hibernate Core {5.0.11.Final}
2021-03-06 11:31:54.326  INFO 28344 --- [main] org.hibernate.cfg.Environment            : HHH000206: hibernate.properties not found
2021-03-06 11:31:54.328  INFO 28344 --- [main] org.hibernate.cfg.Environment            : HHH000021: Bytecode provider name : javassist
2021-03-06 11:31:54.371  INFO 28344 --- [main] o.hibernate.annotations.common.Version   : HCANN000001: Hibernate Commons Annotations {5.0.1.Final}
2021-03-06 11:31:54.559  INFO 28344 --- [main] org.hibernate.dialect.Dialect            : HHH000400: Using dialect: org.hibernate.dialect.H2Dialect
2021-03-06 11:31:54.915  INFO 28344 --- [main] org.hibernate.tool.hbm2ddl.SchemaExport  : HHH000227: Running hbm2ddl schema export
2021-03-06 11:31:54.923  INFO 28344 --- [main] org.hibernate.tool.hbm2ddl.SchemaExport  : HHH000230: Schema export complete
2021-03-06 11:31:54.955  INFO 28344 --- [main] j.LocalContainerEntityManagerFactoryBean : Initialized JPA EntityManagerFactory for persistence unit 'default'
2021-03-06 11:31:55.459  INFO 28344 --- [main] s.w.s.m.m.a.RequestMappingHandlerAdapter : Looking for @ControllerAdvice: org.springframework.boot.context.embedded.AnnotationConfigEmbeddedWebApplicationContext@7722c3c3: startup date [Sat Mar 06 11:31:50 IST 2021]; root of context hierarchy
2021-03-06 11:31:55.538  INFO 28344 --- [main] s.w.s.m.m.a.RequestMappingHandlerMapping : Mapped "{[/getName]}" onto public java.lang.String com.nik.WelcomeController.index()
2021-03-06 11:31:55.539  INFO 28344 --- [main] s.w.s.m.m.a.RequestMappingHandlerMapping : Mapped "{[/deletePerson],methods=[POST]}" onto public org.springframework.web.servlet.ModelAndView com.nik.WelcomeController.delete(java.lang.Long)
2021-03-06 11:31:55.540  INFO 28344 --- [main] s.w.s.m.m.a.RequestMappingHandlerMapping : Mapped "{[/delete]}" onto public java.lang.String com.nik.WelcomeController.delete(java.util.Map<java.lang.String, java.lang.Object>)
2021-03-06 11:31:55.540  INFO 28344 --- [main] s.w.s.m.m.a.RequestMappingHandlerMapping : Mapped "{[/add],methods=[POST]}" onto public org.springframework.web.servlet.ModelAndView com.nik.WelcomeController.create(com.nik.Person,org.springframework.validation.BindingResult,java.util.Map<java.lang.String, java.lang.Object>) throws java.text.ParseException
2021-03-06 11:31:55.541  INFO 28344 --- [main] s.w.s.m.m.a.RequestMappingHandlerMapping : Mapped "{[/create]}" onto public java.lang.String com.nik.WelcomeController.create(java.util.Map<java.lang.String, java.lang.Object>)
2021-03-06 11:31:55.541  INFO 28344 --- [main] s.w.s.m.m.a.RequestMappingHandlerMapping : Mapped "{[/]}" onto public org.springframework.web.servlet.ModelAndView com.nik.WelcomeController.welcome(java.util.Map<java.lang.String, java.lang.Object>)
2021-03-06 11:31:55.544  INFO 28344 --- [main] s.w.s.m.m.a.RequestMappingHandlerMapping : Mapped "{[/error]}" onto public org.springframework.http.ResponseEntity<java.util.Map<java.lang.String, java.lang.Object>> org.springframework.boot.autoconfigure.web.BasicErrorController.error(javax.servlet.http.HttpServletRequest)
2021-03-06 11:31:55.545  INFO 28344 --- [main] s.w.s.m.m.a.RequestMappingHandlerMapping : Mapped "{[/error],produces=[text/html]}" onto public org.springframework.web.servlet.ModelAndView org.springframework.boot.autoconfigure.web.BasicErrorController.errorHtml(javax.servlet.http.HttpServletRequest,javax.servlet.http.HttpServletResponse)
2021-03-06 11:31:55.582  INFO 28344 --- [main] o.s.w.s.handler.SimpleUrlHandlerMapping  : Mapped URL path [/webjars/**] onto handler of type [class org.springframework.web.servlet.resource.ResourceHttpRequestHandler]
2021-03-06 11:31:55.582  INFO 28344 --- [main] o.s.w.s.handler.SimpleUrlHandlerMapping  : Mapped URL path [/**] onto handler of type [class org.springframework.web.servlet.resource.ResourceHttpRequestHandler]
2021-03-06 11:31:55.640  INFO 28344 --- [main] o.s.w.s.handler.SimpleUrlHandlerMapping  : Mapped URL path [/**/favicon.ico] onto handler of type [class org.springframework.web.servlet.resource.ResourceHttpRequestHandler]
2021-03-06 11:31:55.923  INFO 28344 --- [main] o.s.j.e.a.AnnotationMBeanExporter        : Registering beans for JMX exposure on startup
2021-03-06 11:31:55.992  INFO 28344 --- [main] s.b.c.e.t.TomcatEmbeddedServletContainer : Tomcat started on port(s): 8090 (http)
2021-03-06 11:31:56.019  INFO 28344 --- [main] o.h.h.i.QueryTranslatorFactoryInitiator  : HHH000397: Using ASTQueryTranslatorFactory
2021-03-06 11:31:56.205  INFO 28344 --- [main] com.nik.SpringBootWebApplication         : Started SpringBootWebApplication in 5.805 seconds (JVM running for 6.131)
2021-03-06 11:32:54.507  INFO 28344 --- [http-nio-8090-exec-1] o.a.c.c.C.[Tomcat].[localhost].[/]       : Initializing Spring FrameworkServlet 'dispatcherServlet'
2021-03-06 11:32:54.508  INFO 28344 --- [http-nio-8090-exec-1] o.s.web.servlet.DispatcherServlet        : FrameworkServlet 'dispatcherServlet': initialization started
2021-03-06 11:32:54.559  INFO 28344 --- [http-nio-8090-exec-1] o.s.web.servlet.DispatcherServlet        : FrameworkServlet 'dispatcherServlet': initialization completed in 50 ms
2021-03-06 11:32:54.639  INFO 28344 --- [http-nio-8090-exec-1] com.nik.WelcomeController                : list of person = [com.nik.Person@18cec047, com.nik.Person@418afa9e]
2021-03-06 11:35:12.644  INFO 28344 --- [http-nio-8090-exec-10] com.nik.WelcomeController                : list of person = [com.nik.Person@1b7e7179, com.nik.Person@5a68ad6c, com.nik.Person@44d15cb5]
2021-03-06 11:35:20.342  INFO 28344 --- [http-nio-8090-exec-3] com.nik.WelcomeController                : list of person = [com.nik.Person@4f6ae76d, com.nik.Person@5d9f530c]
