2018-12-14 16:14:48.582  INFO 10756 --- [main] com.nik.DemoApplication                  : Starting DemoApplication on INR1601045 with PID 10756 (started by niketk in C:\Niket\Java material\Spring- Boot\Spring-Boot-Rest-Endpoint)
2018-12-14 16:14:48.582  INFO 10756 --- [main] com.nik.DemoApplication                  : No active profile set, falling back to default profiles: default
2018-12-14 16:14:48.629  INFO 10756 --- [main] ationConfigEmbeddedWebApplicationContext : Refreshing org.springframework.boot.context.embedded.AnnotationConfigEmbeddedWebApplicationContext@31c88ec8: startup date [Fri Dec 14 16:14:48 IST 2018]; root of context hierarchy
2018-12-14 16:14:49.782  INFO 10756 --- [main] s.b.c.e.t.TomcatEmbeddedServletContainer : Tomcat initialized with port(s): 8090 (http)
2018-12-14 16:14:49.798  INFO 10756 --- [main] o.apache.catalina.core.StandardService   : Starting service Tomcat
2018-12-14 16:14:49.798  INFO 10756 --- [main] org.apache.catalina.core.StandardEngine  : Starting Servlet Engine: Apache Tomcat/8.5.6
2018-12-14 16:14:50.048  INFO 10756 --- [localhost-startStop-1] org.apache.jasper.servlet.TldScanner     : At least one JAR was scanned for TLDs yet contained no TLDs. Enable debug logging for this logger for a complete list of JARs that were scanned but no TLDs were found in them. Skipping unneeded JARs during scanning can improve startup time and JSP compilation time.
2018-12-14 16:14:50.048  INFO 10756 --- [localhost-startStop-1] o.a.c.c.C.[Tomcat].[localhost].[/]       : Initializing Spring embedded WebApplicationContext
2018-12-14 16:14:50.048  INFO 10756 --- [localhost-startStop-1] o.s.web.context.ContextLoader            : Root WebApplicationContext: initialization completed in 1435 ms
2018-12-14 16:14:50.173  INFO 10756 --- [localhost-startStop-1] o.s.b.w.servlet.ServletRegistrationBean  : Mapping servlet: 'dispatcherServlet' to [/]
2018-12-14 16:14:50.173  INFO 10756 --- [localhost-startStop-1] o.s.b.w.servlet.FilterRegistrationBean   : Mapping filter: 'characterEncodingFilter' to: [/*]
2018-12-14 16:14:50.173  INFO 10756 --- [localhost-startStop-1] o.s.b.w.servlet.FilterRegistrationBean   : Mapping filter: 'hiddenHttpMethodFilter' to: [/*]
2018-12-14 16:14:50.173  INFO 10756 --- [localhost-startStop-1] o.s.b.w.servlet.FilterRegistrationBean   : Mapping filter: 'httpPutFormContentFilter' to: [/*]
2018-12-14 16:14:50.173  INFO 10756 --- [localhost-startStop-1] o.s.b.w.servlet.FilterRegistrationBean   : Mapping filter: 'requestContextFilter' to: [/*]
2018-12-14 16:14:50.360  INFO 10756 --- [main] s.w.s.m.m.a.RequestMappingHandlerAdapter : Looking for @ControllerAdvice: org.springframework.boot.context.embedded.AnnotationConfigEmbeddedWebApplicationContext@31c88ec8: startup date [Fri Dec 14 16:14:48 IST 2018]; root of context hierarchy
2018-12-14 16:14:50.407  INFO 10756 --- [main] s.w.s.m.m.a.RequestMappingHandlerMapping : Mapped "{[/index]}" onto public java.lang.String com.nik.DemoApplication.name()
2018-12-14 16:14:50.407  INFO 10756 --- [main] s.w.s.m.m.a.RequestMappingHandlerMapping : Mapped "{[/]}" onto public java.lang.String com.nik.DemoApplication.hello()
2018-12-14 16:14:50.407  INFO 10756 --- [main] s.w.s.m.m.a.RequestMappingHandlerMapping : Mapped "{[/error]}" onto public org.springframework.http.ResponseEntity<java.util.Map<java.lang.String, java.lang.Object>> org.springframework.boot.autoconfigure.web.BasicErrorController.error(javax.servlet.http.HttpServletRequest)
2018-12-14 16:14:50.407  INFO 10756 --- [main] s.w.s.m.m.a.RequestMappingHandlerMapping : Mapped "{[/error],produces=[text/html]}" onto public org.springframework.web.servlet.ModelAndView org.springframework.boot.autoconfigure.web.BasicErrorController.errorHtml(javax.servlet.http.HttpServletRequest,javax.servlet.http.HttpServletResponse)
2018-12-14 16:14:50.438  INFO 10756 --- [main] o.s.w.s.handler.SimpleUrlHandlerMapping  : Mapped URL path [/webjars/**] onto handler of type [class org.springframework.web.servlet.resource.ResourceHttpRequestHandler]
2018-12-14 16:14:50.438  INFO 10756 --- [main] o.s.w.s.handler.SimpleUrlHandlerMapping  : Mapped URL path [/**] onto handler of type [class org.springframework.web.servlet.resource.ResourceHttpRequestHandler]
2018-12-14 16:14:50.454  INFO 10756 --- [main] o.s.w.s.handler.SimpleUrlHandlerMapping  : Mapped URL path [/**/favicon.ico] onto handler of type [class org.springframework.web.servlet.resource.ResourceHttpRequestHandler]
2018-12-14 16:14:50.614  INFO 10756 --- [main] o.s.j.e.a.AnnotationMBeanExporter        : Registering beans for JMX exposure on startup
2018-12-14 16:14:50.692  INFO 10756 --- [main] s.b.c.e.t.TomcatEmbeddedServletContainer : Tomcat started on port(s): 8090 (http)
2018-12-14 16:14:50.692  INFO 10756 --- [main] com.nik.DemoApplication                  : Started DemoApplication in 2.44 seconds (JVM running for 2.886)
2018-12-14 16:23:18.694  INFO 6464 --- [main] com.nik.DemoApplication                  : Starting DemoApplication on INR1601045 with PID 6464 (started by niketk in C:\Niket\Java material\Spring- Boot\Spring-Boot-RESTful-Web-Services)
2018-12-14 16:23:18.697  INFO 6464 --- [main] com.nik.DemoApplication                  : No active profile set, falling back to default profiles: default
2018-12-14 16:23:18.738  INFO 6464 --- [main] ationConfigEmbeddedWebApplicationContext : Refreshing org.springframework.boot.context.embedded.AnnotationConfigEmbeddedWebApplicationContext@31c88ec8: startup date [Fri Dec 14 16:23:18 IST 2018]; root of context hierarchy
2018-12-14 16:23:19.951  INFO 6464 --- [main] s.b.c.e.t.TomcatEmbeddedServletContainer : Tomcat initialized with port(s): 8090 (http)
2018-12-14 16:23:19.964  INFO 6464 --- [main] o.apache.catalina.core.StandardService   : Starting service Tomcat
2018-12-14 16:23:19.966  INFO 6464 --- [main] org.apache.catalina.core.StandardEngine  : Starting Servlet Engine: Apache Tomcat/8.5.6
2018-12-14 16:23:20.209  INFO 6464 --- [localhost-startStop-1] org.apache.jasper.servlet.TldScanner     : At least one JAR was scanned for TLDs yet contained no TLDs. Enable debug logging for this logger for a complete list of JARs that were scanned but no TLDs were found in them. Skipping unneeded JARs during scanning can improve startup time and JSP compilation time.
2018-12-14 16:23:20.216  INFO 6464 --- [localhost-startStop-1] o.a.c.c.C.[Tomcat].[localhost].[/]       : Initializing Spring embedded WebApplicationContext
2018-12-14 16:23:20.216  INFO 6464 --- [localhost-startStop-1] o.s.web.context.ContextLoader            : Root WebApplicationContext: initialization completed in 1481 ms
2018-12-14 16:23:20.343  INFO 6464 --- [localhost-startStop-1] o.s.b.w.servlet.ServletRegistrationBean  : Mapping servlet: 'dispatcherServlet' to [/]
2018-12-14 16:23:20.345  INFO 6464 --- [localhost-startStop-1] o.s.b.w.servlet.FilterRegistrationBean   : Mapping filter: 'characterEncodingFilter' to: [/*]
2018-12-14 16:23:20.346  INFO 6464 --- [localhost-startStop-1] o.s.b.w.servlet.FilterRegistrationBean   : Mapping filter: 'hiddenHttpMethodFilter' to: [/*]
2018-12-14 16:23:20.346  INFO 6464 --- [localhost-startStop-1] o.s.b.w.servlet.FilterRegistrationBean   : Mapping filter: 'httpPutFormContentFilter' to: [/*]
2018-12-14 16:23:20.346  INFO 6464 --- [localhost-startStop-1] o.s.b.w.servlet.FilterRegistrationBean   : Mapping filter: 'requestContextFilter' to: [/*]
2018-12-14 16:23:20.542  INFO 6464 --- [main] s.w.s.m.m.a.RequestMappingHandlerAdapter : Looking for @ControllerAdvice: org.springframework.boot.context.embedded.AnnotationConfigEmbeddedWebApplicationContext@31c88ec8: startup date [Fri Dec 14 16:23:18 IST 2018]; root of context hierarchy
2018-12-14 16:23:20.586  INFO 6464 --- [main] s.w.s.m.m.a.RequestMappingHandlerMapping : Mapped "{[/products/{id}],methods=[DELETE]}" onto public org.springframework.http.ResponseEntity<java.lang.Object> com.nik.ProductServiceController.delete(java.lang.String)
2018-12-14 16:23:20.587  INFO 6464 --- [main] s.w.s.m.m.a.RequestMappingHandlerMapping : Mapped "{[/products]}" onto public org.springframework.http.ResponseEntity<java.lang.Object> com.nik.ProductServiceController.getProduct()
2018-12-14 16:23:20.587  INFO 6464 --- [main] s.w.s.m.m.a.RequestMappingHandlerMapping : Mapped "{[/products/{id}],methods=[PUT]}" onto public org.springframework.http.ResponseEntity<java.lang.Object> com.nik.ProductServiceController.updateProduct(java.lang.String,com.nik.Product)
2018-12-14 16:23:20.587  INFO 6464 --- [main] s.w.s.m.m.a.RequestMappingHandlerMapping : Mapped "{[/products],methods=[POST]}" onto public org.springframework.http.ResponseEntity<java.lang.Object> com.nik.ProductServiceController.createProduct(com.nik.Product)
2018-12-14 16:23:20.589  INFO 6464 --- [main] s.w.s.m.m.a.RequestMappingHandlerMapping : Mapped "{[/error]}" onto public org.springframework.http.ResponseEntity<java.util.Map<java.lang.String, java.lang.Object>> org.springframework.boot.autoconfigure.web.BasicErrorController.error(javax.servlet.http.HttpServletRequest)
2018-12-14 16:23:20.589  INFO 6464 --- [main] s.w.s.m.m.a.RequestMappingHandlerMapping : Mapped "{[/error],produces=[text/html]}" onto public org.springframework.web.servlet.ModelAndView org.springframework.boot.autoconfigure.web.BasicErrorController.errorHtml(javax.servlet.http.HttpServletRequest,javax.servlet.http.HttpServletResponse)
2018-12-14 16:23:20.614  INFO 6464 --- [main] o.s.w.s.handler.SimpleUrlHandlerMapping  : Mapped URL path [/webjars/**] onto handler of type [class org.springframework.web.servlet.resource.ResourceHttpRequestHandler]
2018-12-14 16:23:20.614  INFO 6464 --- [main] o.s.w.s.handler.SimpleUrlHandlerMapping  : Mapped URL path [/**] onto handler of type [class org.springframework.web.servlet.resource.ResourceHttpRequestHandler]
2018-12-14 16:23:20.637  INFO 6464 --- [main] o.s.w.s.handler.SimpleUrlHandlerMapping  : Mapped URL path [/**/favicon.ico] onto handler of type [class org.springframework.web.servlet.resource.ResourceHttpRequestHandler]
2018-12-14 16:23:20.739  INFO 6464 --- [main] o.s.j.e.a.AnnotationMBeanExporter        : Registering beans for JMX exposure on startup
2018-12-14 16:23:20.796  INFO 6464 --- [main] s.b.c.e.t.TomcatEmbeddedServletContainer : Tomcat started on port(s): 8090 (http)
2018-12-14 16:23:20.799  INFO 6464 --- [main] com.nik.DemoApplication                  : Started DemoApplication in 2.461 seconds (JVM running for 2.921)
2018-12-14 16:24:12.713  INFO 6464 --- [http-nio-8090-exec-1] o.a.c.c.C.[Tomcat].[localhost].[/]       : Initializing Spring FrameworkServlet 'dispatcherServlet'
2018-12-14 16:24:12.714  INFO 6464 --- [http-nio-8090-exec-1] o.s.web.servlet.DispatcherServlet        : FrameworkServlet 'dispatcherServlet': initialization started
2018-12-14 16:24:12.737  INFO 6464 --- [http-nio-8090-exec-1] o.s.web.servlet.DispatcherServlet        : FrameworkServlet 'dispatcherServlet': initialization completed in 23 ms
2018-12-14 16:27:27.629  INFO 11928 --- [main] com.nik.DemoApplication                  : Starting DemoApplication on INR1601045 with PID 11928 (started by niketk in C:\Niket\Java material\Spring- Boot\Spring-Boot-RESTful-Web-Services)
2018-12-14 16:27:27.631  INFO 11928 --- [main] com.nik.DemoApplication                  : No active profile set, falling back to default profiles: default
2018-12-14 16:27:27.669  INFO 11928 --- [main] ationConfigEmbeddedWebApplicationContext : Refreshing org.springframework.boot.context.embedded.AnnotationConfigEmbeddedWebApplicationContext@31c88ec8: startup date [Fri Dec 14 16:27:27 IST 2018]; root of context hierarchy
2018-12-14 16:27:28.902  INFO 11928 --- [main] s.b.c.e.t.TomcatEmbeddedServletContainer : Tomcat initialized with port(s): 8090 (http)
2018-12-14 16:27:28.916  INFO 11928 --- [main] o.apache.catalina.core.StandardService   : Starting service Tomcat
2018-12-14 16:27:28.917  INFO 11928 --- [main] org.apache.catalina.core.StandardEngine  : Starting Servlet Engine: Apache Tomcat/8.5.6
2018-12-14 16:27:29.160  INFO 11928 --- [localhost-startStop-1] org.apache.jasper.servlet.TldScanner     : At least one JAR was scanned for TLDs yet contained no TLDs. Enable debug logging for this logger for a complete list of JARs that were scanned but no TLDs were found in them. Skipping unneeded JARs during scanning can improve startup time and JSP compilation time.
2018-12-14 16:27:29.165  INFO 11928 --- [localhost-startStop-1] o.a.c.c.C.[Tomcat].[localhost].[/]       : Initializing Spring embedded WebApplicationContext
2018-12-14 16:27:29.165  INFO 11928 --- [localhost-startStop-1] o.s.web.context.ContextLoader            : Root WebApplicationContext: initialization completed in 1499 ms
2018-12-14 16:27:29.294  INFO 11928 --- [localhost-startStop-1] o.s.b.w.servlet.ServletRegistrationBean  : Mapping servlet: 'dispatcherServlet' to [/]
2018-12-14 16:27:29.297  INFO 11928 --- [localhost-startStop-1] o.s.b.w.servlet.FilterRegistrationBean   : Mapping filter: 'characterEncodingFilter' to: [/*]
2018-12-14 16:27:29.297  INFO 11928 --- [localhost-startStop-1] o.s.b.w.servlet.FilterRegistrationBean   : Mapping filter: 'hiddenHttpMethodFilter' to: [/*]
2018-12-14 16:27:29.297  INFO 11928 --- [localhost-startStop-1] o.s.b.w.servlet.FilterRegistrationBean   : Mapping filter: 'httpPutFormContentFilter' to: [/*]
2018-12-14 16:27:29.297  INFO 11928 --- [localhost-startStop-1] o.s.b.w.servlet.FilterRegistrationBean   : Mapping filter: 'requestContextFilter' to: [/*]
2018-12-14 16:27:29.485  INFO 11928 --- [main] s.w.s.m.m.a.RequestMappingHandlerAdapter : Looking for @ControllerAdvice: org.springframework.boot.context.embedded.AnnotationConfigEmbeddedWebApplicationContext@31c88ec8: startup date [Fri Dec 14 16:27:27 IST 2018]; root of context hierarchy
2018-12-14 16:27:29.531  INFO 11928 --- [main] s.w.s.m.m.a.RequestMappingHandlerMapping : Mapped "{[/products/{id}],methods=[DELETE]}" onto public org.springframework.http.ResponseEntity<java.lang.Object> com.nik.ProductServiceController.delete(java.lang.String)
2018-12-14 16:27:29.532  INFO 11928 --- [main] s.w.s.m.m.a.RequestMappingHandlerMapping : Mapped "{[/products/{id}],methods=[PUT]}" onto public org.springframework.http.ResponseEntity<java.lang.Object> com.nik.ProductServiceController.updateProduct(java.lang.String,com.nik.Product)
2018-12-14 16:27:29.532  INFO 11928 --- [main] s.w.s.m.m.a.RequestMappingHandlerMapping : Mapped "{[/products],methods=[POST]}" onto public org.springframework.http.ResponseEntity<java.lang.Object> com.nik.ProductServiceController.createProduct(com.nik.Product)
2018-12-14 16:27:29.533  INFO 11928 --- [main] s.w.s.m.m.a.RequestMappingHandlerMapping : Mapped "{[/products]}" onto public org.springframework.http.ResponseEntity<java.lang.Object> com.nik.ProductServiceController.getProduct()
2018-12-14 16:27:29.534  INFO 11928 --- [main] s.w.s.m.m.a.RequestMappingHandlerMapping : Mapped "{[/error]}" onto public org.springframework.http.ResponseEntity<java.util.Map<java.lang.String, java.lang.Object>> org.springframework.boot.autoconfigure.web.BasicErrorController.error(javax.servlet.http.HttpServletRequest)
2018-12-14 16:27:29.534  INFO 11928 --- [main] s.w.s.m.m.a.RequestMappingHandlerMapping : Mapped "{[/error],produces=[text/html]}" onto public org.springframework.web.servlet.ModelAndView org.springframework.boot.autoconfigure.web.BasicErrorController.errorHtml(javax.servlet.http.HttpServletRequest,javax.servlet.http.HttpServletResponse)
2018-12-14 16:27:29.552  INFO 11928 --- [main] o.s.w.s.handler.SimpleUrlHandlerMapping  : Mapped URL path [/webjars/**] onto handler of type [class org.springframework.web.servlet.resource.ResourceHttpRequestHandler]
2018-12-14 16:27:29.552  INFO 11928 --- [main] o.s.w.s.handler.SimpleUrlHandlerMapping  : Mapped URL path [/**] onto handler of type [class org.springframework.web.servlet.resource.ResourceHttpRequestHandler]
2018-12-14 16:27:29.576  INFO 11928 --- [main] o.s.w.s.handler.SimpleUrlHandlerMapping  : Mapped URL path [/**/favicon.ico] onto handler of type [class org.springframework.web.servlet.resource.ResourceHttpRequestHandler]
2018-12-14 16:27:29.687  INFO 11928 --- [main] o.s.j.e.a.AnnotationMBeanExporter        : Registering beans for JMX exposure on startup
2018-12-14 16:27:29.744  INFO 11928 --- [main] s.b.c.e.t.TomcatEmbeddedServletContainer : Tomcat started on port(s): 8090 (http)
2018-12-14 16:27:29.748  INFO 11928 --- [main] com.nik.DemoApplication                  : Started DemoApplication in 2.465 seconds (JVM running for 2.946)
2018-12-14 16:27:36.147  INFO 11928 --- [http-nio-8090-exec-1] o.a.c.c.C.[Tomcat].[localhost].[/]       : Initializing Spring FrameworkServlet 'dispatcherServlet'
2018-12-14 16:27:36.147  INFO 11928 --- [http-nio-8090-exec-1] o.s.web.servlet.DispatcherServlet        : FrameworkServlet 'dispatcherServlet': initialization started
2018-12-14 16:27:36.166  INFO 11928 --- [http-nio-8090-exec-1] o.s.web.servlet.DispatcherServlet        : FrameworkServlet 'dispatcherServlet': initialization completed in 19 ms
2018-12-14 16:28:37.929  WARN 11928 --- [http-nio-8090-exec-9] o.s.web.servlet.PageNotFound             : Request method 'GET' not supported
2018-12-14 16:28:47.883  WARN 11928 --- [http-nio-8090-exec-10] .w.s.m.s.DefaultHandlerExceptionResolver : Failed to read HTTP message: org.springframework.http.converter.HttpMessageNotReadableException: Required request body is missing: public org.springframework.http.ResponseEntity<java.lang.Object> com.nik.ProductServiceController.updateProduct(java.lang.String,com.nik.Product)
2018-12-14 16:29:14.171  WARN 11928 --- [http-nio-8090-exec-1] .w.s.m.s.DefaultHandlerExceptionResolver : Failed to read HTTP message: org.springframework.http.converter.HttpMessageNotReadableException: Required request body is missing: public org.springframework.http.ResponseEntity<java.lang.Object> com.nik.ProductServiceController.updateProduct(java.lang.String,com.nik.Product)
2019-01-04 20:46:41.797  INFO 5980 --- [main] com.nik.DemoApplication                  : Starting DemoApplication on INR1601045 with PID 5980 (started by niketk in C:\Niket\Java material\Spring- Boot\Spring-Boot-RESTful-Web-Services)
2019-01-04 20:46:41.802  INFO 5980 --- [main] com.nik.DemoApplication                  : No active profile set, falling back to default profiles: default
2019-01-04 20:46:41.842  INFO 5980 --- [main] ationConfigEmbeddedWebApplicationContext : Refreshing org.springframework.boot.context.embedded.AnnotationConfigEmbeddedWebApplicationContext@56a6d5a6: startup date [Fri Jan 04 20:46:41 IST 2019]; root of context hierarchy
2019-01-04 20:46:42.774  INFO 5980 --- [main] s.b.c.e.t.TomcatEmbeddedServletContainer : Tomcat initialized with port(s): 8090 (http)
2019-01-04 20:46:42.782  INFO 5980 --- [main] o.apache.catalina.core.StandardService   : Starting service Tomcat
2019-01-04 20:46:42.784  INFO 5980 --- [main] org.apache.catalina.core.StandardEngine  : Starting Servlet Engine: Apache Tomcat/8.5.6
2019-01-04 20:46:43.066  INFO 5980 --- [localhost-startStop-1] org.apache.jasper.servlet.TldScanner     : At least one JAR was scanned for TLDs yet contained no TLDs. Enable debug logging for this logger for a complete list of JARs that were scanned but no TLDs were found in them. Skipping unneeded JARs during scanning can improve startup time and JSP compilation time.
2019-01-04 20:46:43.097  INFO 5980 --- [localhost-startStop-1] o.a.c.c.C.[Tomcat].[localhost].[/]       : Initializing Spring embedded WebApplicationContext
2019-01-04 20:46:43.097  INFO 5980 --- [localhost-startStop-1] o.s.web.context.ContextLoader            : Root WebApplicationContext: initialization completed in 1258 ms
2019-01-04 20:46:43.253  INFO 5980 --- [localhost-startStop-1] o.s.b.w.servlet.ServletRegistrationBean  : Mapping servlet: 'dispatcherServlet' to [/]
2019-01-04 20:46:43.256  INFO 5980 --- [localhost-startStop-1] o.s.b.w.servlet.FilterRegistrationBean   : Mapping filter: 'characterEncodingFilter' to: [/*]
2019-01-04 20:46:43.257  INFO 5980 --- [localhost-startStop-1] o.s.b.w.servlet.FilterRegistrationBean   : Mapping filter: 'hiddenHttpMethodFilter' to: [/*]
2019-01-04 20:46:43.257  INFO 5980 --- [localhost-startStop-1] o.s.b.w.servlet.FilterRegistrationBean   : Mapping filter: 'httpPutFormContentFilter' to: [/*]
2019-01-04 20:46:43.258  INFO 5980 --- [localhost-startStop-1] o.s.b.w.servlet.FilterRegistrationBean   : Mapping filter: 'requestContextFilter' to: [/*]
2019-01-04 20:46:43.480  INFO 5980 --- [main] s.w.s.m.m.a.RequestMappingHandlerAdapter : Looking for @ControllerAdvice: org.springframework.boot.context.embedded.AnnotationConfigEmbeddedWebApplicationContext@56a6d5a6: startup date [Fri Jan 04 20:46:41 IST 2019]; root of context hierarchy
2019-01-04 20:46:43.535  INFO 5980 --- [main] s.w.s.m.m.a.RequestMappingHandlerMapping : Mapped "{[/products/{id}],methods=[DELETE]}" onto public org.springframework.http.ResponseEntity<java.lang.Object> com.nik.ProductServiceController.delete(java.lang.String)
2019-01-04 20:46:43.537  INFO 5980 --- [main] s.w.s.m.m.a.RequestMappingHandlerMapping : Mapped "{[/products],methods=[POST]}" onto public org.springframework.http.ResponseEntity<java.lang.Object> com.nik.ProductServiceController.createProduct(com.nik.Product)
2019-01-04 20:46:43.538  INFO 5980 --- [main] s.w.s.m.m.a.RequestMappingHandlerMapping : Mapped "{[/products/{id}],methods=[PUT]}" onto public org.springframework.http.ResponseEntity<java.lang.Object> com.nik.ProductServiceController.updateProduct(java.lang.String,com.nik.Product)
2019-01-04 20:46:43.538  INFO 5980 --- [main] s.w.s.m.m.a.RequestMappingHandlerMapping : Mapped "{[/products]}" onto public org.springframework.http.ResponseEntity<java.lang.Object> com.nik.ProductServiceController.getProduct()
2019-01-04 20:46:43.541  INFO 5980 --- [main] s.w.s.m.m.a.RequestMappingHandlerMapping : Mapped "{[/error]}" onto public org.springframework.http.ResponseEntity<java.util.Map<java.lang.String, java.lang.Object>> org.springframework.boot.autoconfigure.web.BasicErrorController.error(javax.servlet.http.HttpServletRequest)
2019-01-04 20:46:43.543  INFO 5980 --- [main] s.w.s.m.m.a.RequestMappingHandlerMapping : Mapped "{[/error],produces=[text/html]}" onto public org.springframework.web.servlet.ModelAndView org.springframework.boot.autoconfigure.web.BasicErrorController.errorHtml(javax.servlet.http.HttpServletRequest,javax.servlet.http.HttpServletResponse)
2019-01-04 20:46:43.569  INFO 5980 --- [main] o.s.w.s.handler.SimpleUrlHandlerMapping  : Mapped URL path [/webjars/**] onto handler of type [class org.springframework.web.servlet.resource.ResourceHttpRequestHandler]
2019-01-04 20:46:43.570  INFO 5980 --- [main] o.s.w.s.handler.SimpleUrlHandlerMapping  : Mapped URL path [/**] onto handler of type [class org.springframework.web.servlet.resource.ResourceHttpRequestHandler]
2019-01-04 20:46:43.590  INFO 5980 --- [main] o.s.w.s.handler.SimpleUrlHandlerMapping  : Mapped URL path [/**/favicon.ico] onto handler of type [class org.springframework.web.servlet.resource.ResourceHttpRequestHandler]
2019-01-04 20:46:43.701  INFO 5980 --- [main] o.s.j.e.a.AnnotationMBeanExporter        : Registering beans for JMX exposure on startup
2019-01-04 20:46:43.751  INFO 5980 --- [main] s.b.c.e.t.TomcatEmbeddedServletContainer : Tomcat started on port(s): 8090 (http)
2019-01-04 20:46:43.754  INFO 5980 --- [main] com.nik.DemoApplication                  : Started DemoApplication in 2.234 seconds (JVM running for 3.256)
2019-01-04 20:47:02.263  INFO 5980 --- [http-nio-8090-exec-1] o.a.c.c.C.[Tomcat].[localhost].[/]       : Initializing Spring FrameworkServlet 'dispatcherServlet'
2019-01-04 20:47:02.264  INFO 5980 --- [http-nio-8090-exec-1] o.s.web.servlet.DispatcherServlet        : FrameworkServlet 'dispatcherServlet': initialization started
2019-01-04 20:47:02.285  INFO 5980 --- [http-nio-8090-exec-1] o.s.web.servlet.DispatcherServlet        : FrameworkServlet 'dispatcherServlet': initialization completed in 21 ms
2019-01-04 21:01:58.578  INFO 5980 --- [RMI TCP Connection(2)-127.0.0.1] inMXBeanRegistrar$SpringApplicationAdmin : Application shutdown requested.
2019-01-04 21:01:58.579  INFO 5980 --- [RMI TCP Connection(2)-127.0.0.1] ationConfigEmbeddedWebApplicationContext : Closing org.springframework.boot.context.embedded.AnnotationConfigEmbeddedWebApplicationContext@56a6d5a6: startup date [Fri Jan 04 20:46:41 IST 2019]; root of context hierarchy
2019-01-04 21:01:58.580  INFO 5980 --- [RMI TCP Connection(2)-127.0.0.1] o.s.j.e.a.AnnotationMBeanExporter        : Unregistering JMX-exposed beans on shutdown
