2020-01-20 16:32:08.992  INFO 13376 --- [restartedMain] com.nik.EmployeeManagementApplication    : Starting EmployeeManagementApplication on NIKET-TI11186 with PID 13376 (started by niket.kumar in D:\Niket\learnings\Spring- Boot\projects\Employee-Management)
2020-01-20 16:32:09.036  INFO 13376 --- [restartedMain] com.nik.EmployeeManagementApplication    : No active profile set, falling back to default profiles: default
2020-01-20 16:32:09.127  INFO 13376 --- [restartedMain] o.s.b.devtools.restart.ChangeableUrls    : The Class-Path manifest attribute in C:\Users\niket.kumar\.m2\repository\org\glassfish\jaxb\jaxb-runtime\2.3.2\jaxb-runtime-2.3.2.jar referenced one or more files that do not exist: file:/C:/Users/niket.kumar/.m2/repository/org/glassfish/jaxb/jaxb-runtime/2.3.2/jakarta.xml.bind-api-2.3.2.jar,file:/C:/Users/niket.kumar/.m2/repository/org/glassfish/jaxb/jaxb-runtime/2.3.2/txw2-2.3.2.jar,file:/C:/Users/niket.kumar/.m2/repository/org/glassfish/jaxb/jaxb-runtime/2.3.2/istack-commons-runtime-3.0.8.jar,file:/C:/Users/niket.kumar/.m2/repository/org/glassfish/jaxb/jaxb-runtime/2.3.2/stax-ex-1.8.1.jar,file:/C:/Users/niket.kumar/.m2/repository/org/glassfish/jaxb/jaxb-runtime/2.3.2/FastInfoset-1.2.16.jar,file:/C:/Users/niket.kumar/.m2/repository/org/glassfish/jaxb/jaxb-runtime/2.3.2/jakarta.activation-api-1.2.1.jar
2020-01-20 16:32:09.129  INFO 13376 --- [restartedMain] .e.DevToolsPropertyDefaultsPostProcessor : Devtools property defaults active! Set 'spring.devtools.add-properties' to 'false' to disable
2020-01-20 16:32:09.130  INFO 13376 --- [restartedMain] .e.DevToolsPropertyDefaultsPostProcessor : For additional web related logging consider setting the 'logging.level.web' property to 'DEBUG'
2020-01-20 16:32:10.171  INFO 13376 --- [restartedMain] .s.d.r.c.RepositoryConfigurationDelegate : Bootstrapping Spring Data JPA repositories in DEFAULT mode.
2020-01-20 16:32:10.299  INFO 13376 --- [restartedMain] .s.d.r.c.RepositoryConfigurationDelegate : Finished Spring Data repository scanning in 112ms. Found 1 JPA repository interfaces.
2020-01-20 16:32:11.034  INFO 13376 --- [restartedMain] trationDelegate$BeanPostProcessorChecker : Bean 'org.springframework.transaction.annotation.ProxyTransactionManagementConfiguration' of type [org.springframework.transaction.annotation.ProxyTransactionManagementConfiguration] is not eligible for getting processed by all BeanPostProcessors (for example: not eligible for auto-proxying)
2020-01-20 16:32:12.273  INFO 13376 --- [restartedMain] o.s.b.w.embedded.tomcat.TomcatWebServer  : Tomcat initialized with port(s): 8080 (http)
2020-01-20 16:32:12.308  INFO 13376 --- [restartedMain] o.apache.catalina.core.StandardService   : Starting service [Tomcat]
2020-01-20 16:32:12.309  INFO 13376 --- [restartedMain] org.apache.catalina.core.StandardEngine  : Starting Servlet engine: [Apache Tomcat/9.0.29]
2020-01-20 16:32:12.526  INFO 13376 --- [restartedMain] o.a.c.c.C.[Tomcat].[localhost].[/]       : Initializing Spring embedded WebApplicationContext
2020-01-20 16:32:12.527  INFO 13376 --- [restartedMain] o.s.web.context.ContextLoader            : Root WebApplicationContext: initialization completed in 3397 ms
2020-01-20 16:32:12.636  INFO 13376 --- [restartedMain] com.zaxxer.hikari.HikariDataSource       : HikariPool-1 - Starting...
2020-01-20 16:32:13.014  INFO 13376 --- [restartedMain] com.zaxxer.hikari.HikariDataSource       : HikariPool-1 - Start completed.
2020-01-20 16:32:13.023  INFO 13376 --- [restartedMain] o.s.b.a.h2.H2ConsoleAutoConfiguration    : H2 console available at '/h2-console'. Database available at 'jdbc:h2:mem:testdb'
2020-01-20 16:32:13.398  INFO 13376 --- [restartedMain] o.hibernate.jpa.internal.util.LogHelper  : HHH000204: Processing PersistenceUnitInfo [name: default]
2020-01-20 16:32:13.522  INFO 13376 --- [restartedMain] org.hibernate.Version                    : HHH000412: Hibernate Core {5.4.9.Final}
2020-01-20 16:32:13.854  INFO 13376 --- [restartedMain] o.hibernate.annotations.common.Version   : HCANN000001: Hibernate Commons Annotations {5.1.0.Final}
2020-01-20 16:32:14.104  INFO 13376 --- [restartedMain] org.hibernate.dialect.Dialect            : HHH000400: Using dialect: org.hibernate.dialect.H2Dialect
2020-01-20 16:32:15.345  INFO 13376 --- [restartedMain] o.h.e.t.j.p.i.JtaPlatformInitiator       : HHH000490: Using JtaPlatform implementation: [org.hibernate.engine.transaction.jta.platform.internal.NoJtaPlatform]
2020-01-20 16:32:15.358  INFO 13376 --- [restartedMain] j.LocalContainerEntityManagerFactoryBean : Initialized JPA EntityManagerFactory for persistence unit 'default'
2020-01-20 16:32:15.382  INFO 13376 --- [restartedMain] o.s.b.d.a.OptionalLiveReloadServer       : LiveReload server is running on port 35729
2020-01-20 16:32:16.639  WARN 13376 --- [restartedMain] JpaBaseConfiguration$JpaWebConfiguration : spring.jpa.open-in-view is enabled by default. Therefore, database queries may be performed during view rendering. Explicitly configure spring.jpa.open-in-view to disable this warning
2020-01-20 16:32:17.041  INFO 13376 --- [restartedMain] o.s.s.concurrent.ThreadPoolTaskExecutor  : Initializing ExecutorService 'applicationTaskExecutor'
2020-01-20 16:32:17.544  INFO 13376 --- [restartedMain] o.s.b.w.embedded.tomcat.TomcatWebServer  : Tomcat started on port(s): 8080 (http) with context path ''
2020-01-20 16:32:17.547  INFO 13376 --- [restartedMain] com.nik.EmployeeManagementApplication    : Started EmployeeManagementApplication in 9.24 seconds (JVM running for 10.135)
2020-01-20 16:35:41.493  INFO 13376 --- [http-nio-8080-exec-1] o.a.c.c.C.[Tomcat].[localhost].[/]       : Initializing Spring DispatcherServlet 'dispatcherServlet'
2020-01-20 16:35:41.494  INFO 13376 --- [http-nio-8080-exec-1] o.s.web.servlet.DispatcherServlet        : Initializing Servlet 'dispatcherServlet'
2020-01-20 16:35:41.520  INFO 13376 --- [http-nio-8080-exec-1] o.s.web.servlet.DispatcherServlet        : Completed initialization in 26 ms
2020-01-20 17:41:23.462  WARN 13376 --- [HikariPool-1 housekeeper] com.zaxxer.hikari.pool.HikariPool        : HikariPool-1 - Thread starvation or clock leap detected (housekeeper delta=19m40s242ms975µs500ns).
2020-01-20 18:15:16.056  WARN 13376 --- [HikariPool-1 housekeeper] com.zaxxer.hikari.pool.HikariPool        : HikariPool-1 - Thread starvation or clock leap detected (housekeeper delta=17m23s366ms832µs600ns).
2020-01-20 18:48:39.570  WARN 13376 --- [HikariPool-1 housekeeper] com.zaxxer.hikari.pool.HikariPool        : HikariPool-1 - Thread starvation or clock leap detected (housekeeper delta=4m21s238ms982µs600ns).
2020-01-20 19:43:13.937  WARN 13376 --- [HikariPool-1 housekeeper] com.zaxxer.hikari.pool.HikariPool        : HikariPool-1 - Thread starvation or clock leap detected (housekeeper delta=15m1s84ms814µs200ns).
