2018-12-30 15:25:52.815  INFO 8900 --- [main] com.nik.DemoApplication                  : Starting DemoApplication on INR1601045 with PID 8900 (started by niketk in C:\Niket\Java material\Spring- Boot\Spring-Boot-Rest-Endpoint)
2018-12-30 15:25:52.819  INFO 8900 --- [main] com.nik.DemoApplication                  : No active profile set, falling back to default profiles: default
2018-12-30 15:25:52.857  INFO 8900 --- [main] ationConfigEmbeddedWebApplicationContext : Refreshing org.springframework.boot.context.embedded.AnnotationConfigEmbeddedWebApplicationContext@56a6d5a6: startup date [Sun Dec 30 15:25:52 IST 2018]; root of context hierarchy
2018-12-30 15:25:53.861  INFO 8900 --- [main] s.b.c.e.t.TomcatEmbeddedServletContainer : Tomcat initialized with port(s): 8090 (http)
2018-12-30 15:25:53.872  INFO 8900 --- [main] o.apache.catalina.core.StandardService   : Starting service Tomcat
2018-12-30 15:25:53.874  INFO 8900 --- [main] org.apache.catalina.core.StandardEngine  : Starting Servlet Engine: Apache Tomcat/8.5.6
2018-12-30 15:25:54.108  INFO 8900 --- [localhost-startStop-1] org.apache.jasper.servlet.TldScanner     : At least one JAR was scanned for TLDs yet contained no TLDs. Enable debug logging for this logger for a complete list of JARs that were scanned but no TLDs were found in them. Skipping unneeded JARs during scanning can improve startup time and JSP compilation time.
2018-12-30 15:25:54.115  INFO 8900 --- [localhost-startStop-1] o.a.c.c.C.[Tomcat].[localhost].[/]       : Initializing Spring embedded WebApplicationContext
2018-12-30 15:25:54.116  INFO 8900 --- [localhost-startStop-1] o.s.web.context.ContextLoader            : Root WebApplicationContext: initialization completed in 1262 ms
2018-12-30 15:25:54.272  INFO 8900 --- [localhost-startStop-1] o.s.b.w.servlet.ServletRegistrationBean  : Mapping servlet: 'dispatcherServlet' to [/]
2018-12-30 15:25:54.274  INFO 8900 --- [localhost-startStop-1] o.s.b.w.servlet.FilterRegistrationBean   : Mapping filter: 'characterEncodingFilter' to: [/*]
2018-12-30 15:25:54.275  INFO 8900 --- [localhost-startStop-1] o.s.b.w.servlet.FilterRegistrationBean   : Mapping filter: 'hiddenHttpMethodFilter' to: [/*]
2018-12-30 15:25:54.275  INFO 8900 --- [localhost-startStop-1] o.s.b.w.servlet.FilterRegistrationBean   : Mapping filter: 'httpPutFormContentFilter' to: [/*]
2018-12-30 15:25:54.275  INFO 8900 --- [localhost-startStop-1] o.s.b.w.servlet.FilterRegistrationBean   : Mapping filter: 'requestContextFilter' to: [/*]
2018-12-30 15:25:54.477  INFO 8900 --- [main] s.w.s.m.m.a.RequestMappingHandlerAdapter : Looking for @ControllerAdvice: org.springframework.boot.context.embedded.AnnotationConfigEmbeddedWebApplicationContext@56a6d5a6: startup date [Sun Dec 30 15:25:52 IST 2018]; root of context hierarchy
2018-12-30 15:25:54.516  INFO 8900 --- [main] s.w.s.m.m.a.RequestMappingHandlerMapping : Mapped "{[/index]}" onto public java.lang.String com.nik.DemoApplication.name()
2018-12-30 15:25:54.517  INFO 8900 --- [main] s.w.s.m.m.a.RequestMappingHandlerMapping : Mapped "{[/]}" onto public java.lang.String com.nik.DemoApplication.hello()
2018-12-30 15:25:54.520  INFO 8900 --- [main] s.w.s.m.m.a.RequestMappingHandlerMapping : Mapped "{[/error]}" onto public org.springframework.http.ResponseEntity<java.util.Map<java.lang.String, java.lang.Object>> org.springframework.boot.autoconfigure.web.BasicErrorController.error(javax.servlet.http.HttpServletRequest)
2018-12-30 15:25:54.521  INFO 8900 --- [main] s.w.s.m.m.a.RequestMappingHandlerMapping : Mapped "{[/error],produces=[text/html]}" onto public org.springframework.web.servlet.ModelAndView org.springframework.boot.autoconfigure.web.BasicErrorController.errorHtml(javax.servlet.http.HttpServletRequest,javax.servlet.http.HttpServletResponse)
2018-12-30 15:25:54.540  INFO 8900 --- [main] o.s.w.s.handler.SimpleUrlHandlerMapping  : Mapped URL path [/webjars/**] onto handler of type [class org.springframework.web.servlet.resource.ResourceHttpRequestHandler]
2018-12-30 15:25:54.541  INFO 8900 --- [main] o.s.w.s.handler.SimpleUrlHandlerMapping  : Mapped URL path [/**] onto handler of type [class org.springframework.web.servlet.resource.ResourceHttpRequestHandler]
2018-12-30 15:25:54.566  INFO 8900 --- [main] o.s.w.s.handler.SimpleUrlHandlerMapping  : Mapped URL path [/**/favicon.ico] onto handler of type [class org.springframework.web.servlet.resource.ResourceHttpRequestHandler]
2018-12-30 15:25:54.668  INFO 8900 --- [main] o.s.j.e.a.AnnotationMBeanExporter        : Registering beans for JMX exposure on startup
2018-12-30 15:25:54.723  INFO 8900 --- [main] s.b.c.e.t.TomcatEmbeddedServletContainer : Tomcat started on port(s): 8090 (http)
2018-12-30 15:25:54.728  INFO 8900 --- [main] com.nik.DemoApplication                  : Started DemoApplication in 2.235 seconds (JVM running for 3.193)
2018-12-30 15:26:06.886  INFO 8900 --- [http-nio-8090-exec-1] o.a.c.c.C.[Tomcat].[localhost].[/]       : Initializing Spring FrameworkServlet 'dispatcherServlet'
2018-12-30 15:26:06.886  INFO 8900 --- [http-nio-8090-exec-1] o.s.web.servlet.DispatcherServlet        : FrameworkServlet 'dispatcherServlet': initialization started
2018-12-30 15:26:06.912  INFO 8900 --- [http-nio-8090-exec-1] o.s.web.servlet.DispatcherServlet        : FrameworkServlet 'dispatcherServlet': initialization completed in 26 ms
2018-12-30 15:32:23.237  INFO 8900 --- [RMI TCP Connection(2)-127.0.0.1] inMXBeanRegistrar$SpringApplicationAdmin : Application shutdown requested.
2018-12-30 15:32:23.238  INFO 8900 --- [RMI TCP Connection(2)-127.0.0.1] ationConfigEmbeddedWebApplicationContext : Closing org.springframework.boot.context.embedded.AnnotationConfigEmbeddedWebApplicationContext@56a6d5a6: startup date [Sun Dec 30 15:25:52 IST 2018]; root of context hierarchy
2018-12-30 15:32:23.240  INFO 8900 --- [RMI TCP Connection(2)-127.0.0.1] o.s.j.e.a.AnnotationMBeanExporter        : Unregistering JMX-exposed beans on shutdown
2018-12-30 15:32:32.534  INFO 11284 --- [main] com.nik.DemoApplication                  : Starting DemoApplication on INR1601045 with PID 11284 (started by niketk in C:\Niket\Java material\Spring- Boot\Spring-Boot-Rest-Endpoint)
2018-12-30 15:32:32.537  INFO 11284 --- [main] com.nik.DemoApplication                  : No active profile set, falling back to default profiles: default
2018-12-30 15:32:32.581  INFO 11284 --- [main] ationConfigEmbeddedWebApplicationContext : Refreshing org.springframework.boot.context.embedded.AnnotationConfigEmbeddedWebApplicationContext@56a6d5a6: startup date [Sun Dec 30 15:32:32 IST 2018]; root of context hierarchy
2018-12-30 15:32:33.566  INFO 11284 --- [main] s.b.c.e.t.TomcatEmbeddedServletContainer : Tomcat initialized with port(s): 8090 (http)
2018-12-30 15:32:33.573  INFO 11284 --- [main] o.apache.catalina.core.StandardService   : Starting service Tomcat
2018-12-30 15:32:33.573  INFO 11284 --- [main] org.apache.catalina.core.StandardEngine  : Starting Servlet Engine: Apache Tomcat/8.5.6
2018-12-30 15:32:33.812  INFO 11284 --- [localhost-startStop-1] org.apache.jasper.servlet.TldScanner     : At least one JAR was scanned for TLDs yet contained no TLDs. Enable debug logging for this logger for a complete list of JARs that were scanned but no TLDs were found in them. Skipping unneeded JARs during scanning can improve startup time and JSP compilation time.
2018-12-30 15:32:33.816  INFO 11284 --- [localhost-startStop-1] o.a.c.c.C.[Tomcat].[localhost].[/]       : Initializing Spring embedded WebApplicationContext
2018-12-30 15:32:33.817  INFO 11284 --- [localhost-startStop-1] o.s.web.context.ContextLoader            : Root WebApplicationContext: initialization completed in 1240 ms
2018-12-30 15:32:33.960  INFO 11284 --- [localhost-startStop-1] o.s.b.w.servlet.ServletRegistrationBean  : Mapping servlet: 'dispatcherServlet' to [/]
2018-12-30 15:32:33.969  INFO 11284 --- [localhost-startStop-1] o.s.b.w.servlet.FilterRegistrationBean   : Mapping filter: 'characterEncodingFilter' to: [/*]
2018-12-30 15:32:33.969  INFO 11284 --- [localhost-startStop-1] o.s.b.w.servlet.FilterRegistrationBean   : Mapping filter: 'hiddenHttpMethodFilter' to: [/*]
2018-12-30 15:32:33.970  INFO 11284 --- [localhost-startStop-1] o.s.b.w.servlet.FilterRegistrationBean   : Mapping filter: 'httpPutFormContentFilter' to: [/*]
2018-12-30 15:32:33.970  INFO 11284 --- [localhost-startStop-1] o.s.b.w.servlet.FilterRegistrationBean   : Mapping filter: 'requestContextFilter' to: [/*]
2018-12-30 15:32:34.171  INFO 11284 --- [main] s.w.s.m.m.a.RequestMappingHandlerAdapter : Looking for @ControllerAdvice: org.springframework.boot.context.embedded.AnnotationConfigEmbeddedWebApplicationContext@56a6d5a6: startup date [Sun Dec 30 15:32:32 IST 2018]; root of context hierarchy
2018-12-30 15:32:34.220  INFO 11284 --- [main] s.w.s.m.m.a.RequestMappingHandlerMapping : Mapped "{[/index]}" onto public java.lang.String com.nik.DemoApplication.name()
2018-12-30 15:32:34.221  INFO 11284 --- [main] s.w.s.m.m.a.RequestMappingHandlerMapping : Mapped "{[/]}" onto public java.lang.String com.nik.DemoApplication.hello()
2018-12-30 15:32:34.225  INFO 11284 --- [main] s.w.s.m.m.a.RequestMappingHandlerMapping : Mapped "{[/error]}" onto public org.springframework.http.ResponseEntity<java.util.Map<java.lang.String, java.lang.Object>> org.springframework.boot.autoconfigure.web.BasicErrorController.error(javax.servlet.http.HttpServletRequest)
2018-12-30 15:32:34.226  INFO 11284 --- [main] s.w.s.m.m.a.RequestMappingHandlerMapping : Mapped "{[/error],produces=[text/html]}" onto public org.springframework.web.servlet.ModelAndView org.springframework.boot.autoconfigure.web.BasicErrorController.errorHtml(javax.servlet.http.HttpServletRequest,javax.servlet.http.HttpServletResponse)
2018-12-30 15:32:34.250  INFO 11284 --- [main] o.s.w.s.handler.SimpleUrlHandlerMapping  : Mapped URL path [/webjars/**] onto handler of type [class org.springframework.web.servlet.resource.ResourceHttpRequestHandler]
2018-12-30 15:32:34.250  INFO 11284 --- [main] o.s.w.s.handler.SimpleUrlHandlerMapping  : Mapped URL path [/**] onto handler of type [class org.springframework.web.servlet.resource.ResourceHttpRequestHandler]
2018-12-30 15:32:34.278  INFO 11284 --- [main] o.s.w.s.handler.SimpleUrlHandlerMapping  : Mapped URL path [/**/favicon.ico] onto handler of type [class org.springframework.web.servlet.resource.ResourceHttpRequestHandler]
2018-12-30 15:32:34.381  INFO 11284 --- [main] o.s.j.e.a.AnnotationMBeanExporter        : Registering beans for JMX exposure on startup
2018-12-30 15:32:34.423  INFO 11284 --- [main] s.b.c.e.t.TomcatEmbeddedServletContainer : Tomcat started on port(s): 8090 (http)
2018-12-30 15:32:34.427  INFO 11284 --- [main] com.nik.DemoApplication                  : Started DemoApplication in 2.193 seconds (JVM running for 3.128)
2018-12-30 15:32:41.842  INFO 11284 --- [http-nio-8090-exec-1] o.a.c.c.C.[Tomcat].[localhost].[/]       : Initializing Spring FrameworkServlet 'dispatcherServlet'
2018-12-30 15:32:41.842  INFO 11284 --- [http-nio-8090-exec-1] o.s.web.servlet.DispatcherServlet        : FrameworkServlet 'dispatcherServlet': initialization started
2018-12-30 15:32:41.865  INFO 11284 --- [http-nio-8090-exec-1] o.s.web.servlet.DispatcherServlet        : FrameworkServlet 'dispatcherServlet': initialization completed in 23 ms
2018-12-30 15:38:43.055  INFO 11284 --- [RMI TCP Connection(2)-127.0.0.1] inMXBeanRegistrar$SpringApplicationAdmin : Application shutdown requested.
2018-12-30 15:38:43.056  INFO 11284 --- [RMI TCP Connection(2)-127.0.0.1] ationConfigEmbeddedWebApplicationContext : Closing org.springframework.boot.context.embedded.AnnotationConfigEmbeddedWebApplicationContext@56a6d5a6: startup date [Sun Dec 30 15:32:32 IST 2018]; root of context hierarchy
2018-12-30 15:38:43.058  INFO 11284 --- [RMI TCP Connection(2)-127.0.0.1] o.s.j.e.a.AnnotationMBeanExporter        : Unregistering JMX-exposed beans on shutdown
2018-12-30 15:40:16.704  INFO 15120 --- [main] com.nik.DemoApplication                  : Starting DemoApplication on INR1601045 with PID 15120 (started by niketk in C:\Niket\Java material\Spring- Boot\Spring-Boot-Rest-Endpoint)
2018-12-30 15:40:16.707  INFO 15120 --- [main] com.nik.DemoApplication                  : No active profile set, falling back to default profiles: default
2018-12-30 15:40:16.775  INFO 15120 --- [main] ationConfigEmbeddedWebApplicationContext : Refreshing org.springframework.boot.context.embedded.AnnotationConfigEmbeddedWebApplicationContext@31c88ec8: startup date [Sun Dec 30 15:40:16 IST 2018]; root of context hierarchy
2018-12-30 15:40:18.650  INFO 15120 --- [main] s.b.c.e.t.TomcatEmbeddedServletContainer : Tomcat initialized with port(s): 8090 (http)
2018-12-30 15:40:18.667  INFO 15120 --- [main] o.apache.catalina.core.StandardService   : Starting service Tomcat
2018-12-30 15:40:18.668  INFO 15120 --- [main] org.apache.catalina.core.StandardEngine  : Starting Servlet Engine: Apache Tomcat/8.5.6
2018-12-30 15:40:19.021  INFO 15120 --- [localhost-startStop-1] org.apache.jasper.servlet.TldScanner     : At least one JAR was scanned for TLDs yet contained no TLDs. Enable debug logging for this logger for a complete list of JARs that were scanned but no TLDs were found in them. Skipping unneeded JARs during scanning can improve startup time and JSP compilation time.
2018-12-30 15:40:19.028  INFO 15120 --- [localhost-startStop-1] o.a.c.c.C.[Tomcat].[localhost].[/]       : Initializing Spring embedded WebApplicationContext
2018-12-30 15:40:19.029  INFO 15120 --- [localhost-startStop-1] o.s.web.context.ContextLoader            : Root WebApplicationContext: initialization completed in 2258 ms
2018-12-30 15:40:19.229  INFO 15120 --- [localhost-startStop-1] o.s.b.w.servlet.ServletRegistrationBean  : Mapping servlet: 'dispatcherServlet' to [/]
2018-12-30 15:40:19.232  INFO 15120 --- [localhost-startStop-1] o.s.b.w.servlet.FilterRegistrationBean   : Mapping filter: 'characterEncodingFilter' to: [/*]
2018-12-30 15:40:19.233  INFO 15120 --- [localhost-startStop-1] o.s.b.w.servlet.FilterRegistrationBean   : Mapping filter: 'hiddenHttpMethodFilter' to: [/*]
2018-12-30 15:40:19.234  INFO 15120 --- [localhost-startStop-1] o.s.b.w.servlet.FilterRegistrationBean   : Mapping filter: 'httpPutFormContentFilter' to: [/*]
2018-12-30 15:40:19.234  INFO 15120 --- [localhost-startStop-1] o.s.b.w.servlet.FilterRegistrationBean   : Mapping filter: 'requestContextFilter' to: [/*]
2018-12-30 15:40:19.503  INFO 15120 --- [main] s.w.s.m.m.a.RequestMappingHandlerAdapter : Looking for @ControllerAdvice: org.springframework.boot.context.embedded.AnnotationConfigEmbeddedWebApplicationContext@31c88ec8: startup date [Sun Dec 30 15:40:16 IST 2018]; root of context hierarchy
2018-12-30 15:40:19.565  INFO 15120 --- [main] s.w.s.m.m.a.RequestMappingHandlerMapping : Mapped "{[/index]}" onto public java.lang.String com.nik.DemoApplication.name()
2018-12-30 15:40:19.565  INFO 15120 --- [main] s.w.s.m.m.a.RequestMappingHandlerMapping : Mapped "{[/]}" onto public java.lang.String com.nik.DemoApplication.hello()
2018-12-30 15:40:19.568  INFO 15120 --- [main] s.w.s.m.m.a.RequestMappingHandlerMapping : Mapped "{[/error]}" onto public org.springframework.http.ResponseEntity<java.util.Map<java.lang.String, java.lang.Object>> org.springframework.boot.autoconfigure.web.BasicErrorController.error(javax.servlet.http.HttpServletRequest)
2018-12-30 15:40:19.569  INFO 15120 --- [main] s.w.s.m.m.a.RequestMappingHandlerMapping : Mapped "{[/error],produces=[text/html]}" onto public org.springframework.web.servlet.ModelAndView org.springframework.boot.autoconfigure.web.BasicErrorController.errorHtml(javax.servlet.http.HttpServletRequest,javax.servlet.http.HttpServletResponse)
2018-12-30 15:40:19.601  INFO 15120 --- [main] o.s.w.s.handler.SimpleUrlHandlerMapping  : Mapped URL path [/webjars/**] onto handler of type [class org.springframework.web.servlet.resource.ResourceHttpRequestHandler]
2018-12-30 15:40:19.601  INFO 15120 --- [main] o.s.w.s.handler.SimpleUrlHandlerMapping  : Mapped URL path [/**] onto handler of type [class org.springframework.web.servlet.resource.ResourceHttpRequestHandler]
2018-12-30 15:40:19.635  INFO 15120 --- [main] o.s.w.s.handler.SimpleUrlHandlerMapping  : Mapped URL path [/**/favicon.ico] onto handler of type [class org.springframework.web.servlet.resource.ResourceHttpRequestHandler]
2018-12-30 15:40:19.785  INFO 15120 --- [main] o.s.j.e.a.AnnotationMBeanExporter        : Registering beans for JMX exposure on startup
2018-12-30 15:40:19.866  INFO 15120 --- [main] s.b.c.e.t.TomcatEmbeddedServletContainer : Tomcat started on port(s): 8090 (http)
2018-12-30 15:40:19.870  INFO 15120 --- [main] com.nik.DemoApplication                  : Started DemoApplication in 3.649 seconds (JVM running for 4.291)
2018-12-30 15:40:25.747  INFO 15120 --- [http-nio-8090-exec-1] o.a.c.c.C.[Tomcat].[localhost].[/]       : Initializing Spring FrameworkServlet 'dispatcherServlet'
2018-12-30 15:40:25.747  INFO 15120 --- [http-nio-8090-exec-1] o.s.web.servlet.DispatcherServlet        : FrameworkServlet 'dispatcherServlet': initialization started
2018-12-30 15:40:25.771  INFO 15120 --- [http-nio-8090-exec-1] o.s.web.servlet.DispatcherServlet        : FrameworkServlet 'dispatcherServlet': initialization completed in 24 ms
