2018-12-14 16:14:48.582  INFO 10756 --- [main] com.nik.DemoApplication                  : Starting DemoApplication on INR1601045 with PID 10756 (started by niketk in C:\Niket\Java material\Spring- Boot\Spring-Boot-Rest-Endpoint)
2018-12-14 16:14:48.582  INFO 10756 --- [main] com.nik.DemoApplication                  : No active profile set, falling back to default profiles: default
2018-12-14 16:14:48.629  INFO 10756 --- [main] ationConfigEmbeddedWebApplicationContext : Refreshing org.springframework.boot.context.embedded.AnnotationConfigEmbeddedWebApplicationContext@31c88ec8: startup date [Fri Dec 14 16:14:48 IST 2018]; root of context hierarchy
2018-12-14 16:14:49.782  INFO 10756 --- [main] s.b.c.e.t.TomcatEmbeddedServletContainer : Tomcat initialized with port(s): 8090 (http)
2018-12-14 16:14:49.798  INFO 10756 --- [main] o.apache.catalina.core.StandardService   : Starting service Tomcat
2018-12-14 16:14:49.798  INFO 10756 --- [main] org.apache.catalina.core.StandardEngine  : Starting Servlet Engine: Apache Tomcat/8.5.6
2018-12-14 16:14:50.048  INFO 10756 --- [localhost-startStop-1] org.apache.jasper.servlet.TldScanner     : At least one JAR was scanned for TLDs yet contained no TLDs. Enable debug logging for this logger for a complete list of JARs that were scanned but no TLDs were found in them. Skipping unneeded JARs during scanning can improve startup time and JSP compilation time.
2018-12-14 16:14:50.048  INFO 10756 --- [localhost-startStop-1] o.a.c.c.C.[Tomcat].[localhost].[/]       : Initializing Spring embedded WebApplicationContext
2018-12-14 16:14:50.048  INFO 10756 --- [localhost-startStop-1] o.s.web.context.ContextLoader            : Root WebApplicationContext: initialization completed in 1435 ms
2018-12-14 16:14:50.173  INFO 10756 --- [localhost-startStop-1] o.s.b.w.servlet.ServletRegistrationBean  : Mapping servlet: 'dispatcherServlet' to [/]
2018-12-14 16:14:50.173  INFO 10756 --- [localhost-startStop-1] o.s.b.w.servlet.FilterRegistrationBean   : Mapping filter: 'characterEncodingFilter' to: [/*]
2018-12-14 16:14:50.173  INFO 10756 --- [localhost-startStop-1] o.s.b.w.servlet.FilterRegistrationBean   : Mapping filter: 'hiddenHttpMethodFilter' to: [/*]
2018-12-14 16:14:50.173  INFO 10756 --- [localhost-startStop-1] o.s.b.w.servlet.FilterRegistrationBean   : Mapping filter: 'httpPutFormContentFilter' to: [/*]
2018-12-14 16:14:50.173  INFO 10756 --- [localhost-startStop-1] o.s.b.w.servlet.FilterRegistrationBean   : Mapping filter: 'requestContextFilter' to: [/*]
2018-12-14 16:14:50.360  INFO 10756 --- [main] s.w.s.m.m.a.RequestMappingHandlerAdapter : Looking for @ControllerAdvice: org.springframework.boot.context.embedded.AnnotationConfigEmbeddedWebApplicationContext@31c88ec8: startup date [Fri Dec 14 16:14:48 IST 2018]; root of context hierarchy
2018-12-14 16:14:50.407  INFO 10756 --- [main] s.w.s.m.m.a.RequestMappingHandlerMapping : Mapped "{[/index]}" onto public java.lang.String com.nik.DemoApplication.name()
2018-12-14 16:14:50.407  INFO 10756 --- [main] s.w.s.m.m.a.RequestMappingHandlerMapping : Mapped "{[/]}" onto public java.lang.String com.nik.DemoApplication.hello()
2018-12-14 16:14:50.407  INFO 10756 --- [main] s.w.s.m.m.a.RequestMappingHandlerMapping : Mapped "{[/error]}" onto public org.springframework.http.ResponseEntity<java.util.Map<java.lang.String, java.lang.Object>> org.springframework.boot.autoconfigure.web.BasicErrorController.error(javax.servlet.http.HttpServletRequest)
2018-12-14 16:14:50.407  INFO 10756 --- [main] s.w.s.m.m.a.RequestMappingHandlerMapping : Mapped "{[/error],produces=[text/html]}" onto public org.springframework.web.servlet.ModelAndView org.springframework.boot.autoconfigure.web.BasicErrorController.errorHtml(javax.servlet.http.HttpServletRequest,javax.servlet.http.HttpServletResponse)
2018-12-14 16:14:50.438  INFO 10756 --- [main] o.s.w.s.handler.SimpleUrlHandlerMapping  : Mapped URL path [/webjars/**] onto handler of type [class org.springframework.web.servlet.resource.ResourceHttpRequestHandler]
2018-12-14 16:14:50.438  INFO 10756 --- [main] o.s.w.s.handler.SimpleUrlHandlerMapping  : Mapped URL path [/**] onto handler of type [class org.springframework.web.servlet.resource.ResourceHttpRequestHandler]
2018-12-14 16:14:50.454  INFO 10756 --- [main] o.s.w.s.handler.SimpleUrlHandlerMapping  : Mapped URL path [/**/favicon.ico] onto handler of type [class org.springframework.web.servlet.resource.ResourceHttpRequestHandler]
2018-12-14 16:14:50.614  INFO 10756 --- [main] o.s.j.e.a.AnnotationMBeanExporter        : Registering beans for JMX exposure on startup
2018-12-14 16:14:50.692  INFO 10756 --- [main] s.b.c.e.t.TomcatEmbeddedServletContainer : Tomcat started on port(s): 8090 (http)
2018-12-14 16:14:50.692  INFO 10756 --- [main] com.nik.DemoApplication                  : Started DemoApplication in 2.44 seconds (JVM running for 2.886)
2018-12-14 16:23:18.694  INFO 6464 --- [main] com.nik.DemoApplication                  : Starting DemoApplication on INR1601045 with PID 6464 (started by niketk in C:\Niket\Java material\Spring- Boot\Spring-Boot-RESTful-Web-Services)
2018-12-14 16:23:18.697  INFO 6464 --- [main] com.nik.DemoApplication                  : No active profile set, falling back to default profiles: default
2018-12-14 16:23:18.738  INFO 6464 --- [main] ationConfigEmbeddedWebApplicationContext : Refreshing org.springframework.boot.context.embedded.AnnotationConfigEmbeddedWebApplicationContext@31c88ec8: startup date [Fri Dec 14 16:23:18 IST 2018]; root of context hierarchy
2018-12-14 16:23:19.951  INFO 6464 --- [main] s.b.c.e.t.TomcatEmbeddedServletContainer : Tomcat initialized with port(s): 8090 (http)
2018-12-14 16:23:19.964  INFO 6464 --- [main] o.apache.catalina.core.StandardService   : Starting service Tomcat
2018-12-14 16:23:19.966  INFO 6464 --- [main] org.apache.catalina.core.StandardEngine  : Starting Servlet Engine: Apache Tomcat/8.5.6
2018-12-14 16:23:20.209  INFO 6464 --- [localhost-startStop-1] org.apache.jasper.servlet.TldScanner     : At least one JAR was scanned for TLDs yet contained no TLDs. Enable debug logging for this logger for a complete list of JARs that were scanned but no TLDs were found in them. Skipping unneeded JARs during scanning can improve startup time and JSP compilation time.
2018-12-14 16:23:20.216  INFO 6464 --- [localhost-startStop-1] o.a.c.c.C.[Tomcat].[localhost].[/]       : Initializing Spring embedded WebApplicationContext
2018-12-14 16:23:20.216  INFO 6464 --- [localhost-startStop-1] o.s.web.context.ContextLoader            : Root WebApplicationContext: initialization completed in 1481 ms
2018-12-14 16:23:20.343  INFO 6464 --- [localhost-startStop-1] o.s.b.w.servlet.ServletRegistrationBean  : Mapping servlet: 'dispatcherServlet' to [/]
2018-12-14 16:23:20.345  INFO 6464 --- [localhost-startStop-1] o.s.b.w.servlet.FilterRegistrationBean   : Mapping filter: 'characterEncodingFilter' to: [/*]
2018-12-14 16:23:20.346  INFO 6464 --- [localhost-startStop-1] o.s.b.w.servlet.FilterRegistrationBean   : Mapping filter: 'hiddenHttpMethodFilter' to: [/*]
2018-12-14 16:23:20.346  INFO 6464 --- [localhost-startStop-1] o.s.b.w.servlet.FilterRegistrationBean   : Mapping filter: 'httpPutFormContentFilter' to: [/*]
2018-12-14 16:23:20.346  INFO 6464 --- [localhost-startStop-1] o.s.b.w.servlet.FilterRegistrationBean   : Mapping filter: 'requestContextFilter' to: [/*]
2018-12-14 16:23:20.542  INFO 6464 --- [main] s.w.s.m.m.a.RequestMappingHandlerAdapter : Looking for @ControllerAdvice: org.springframework.boot.context.embedded.AnnotationConfigEmbeddedWebApplicationContext@31c88ec8: startup date [Fri Dec 14 16:23:18 IST 2018]; root of context hierarchy
2018-12-14 16:23:20.586  INFO 6464 --- [main] s.w.s.m.m.a.RequestMappingHandlerMapping : Mapped "{[/products/{id}],methods=[DELETE]}" onto public org.springframework.http.ResponseEntity<java.lang.Object> com.nik.ProductServiceController.delete(java.lang.String)
2018-12-14 16:23:20.587  INFO 6464 --- [main] s.w.s.m.m.a.RequestMappingHandlerMapping : Mapped "{[/products]}" onto public org.springframework.http.ResponseEntity<java.lang.Object> com.nik.ProductServiceController.getProduct()
2018-12-14 16:23:20.587  INFO 6464 --- [main] s.w.s.m.m.a.RequestMappingHandlerMapping : Mapped "{[/products/{id}],methods=[PUT]}" onto public org.springframework.http.ResponseEntity<java.lang.Object> com.nik.ProductServiceController.updateProduct(java.lang.String,com.nik.Product)
2018-12-14 16:23:20.587  INFO 6464 --- [main] s.w.s.m.m.a.RequestMappingHandlerMapping : Mapped "{[/products],methods=[POST]}" onto public org.springframework.http.ResponseEntity<java.lang.Object> com.nik.ProductServiceController.createProduct(com.nik.Product)
2018-12-14 16:23:20.589  INFO 6464 --- [main] s.w.s.m.m.a.RequestMappingHandlerMapping : Mapped "{[/error]}" onto public org.springframework.http.ResponseEntity<java.util.Map<java.lang.String, java.lang.Object>> org.springframework.boot.autoconfigure.web.BasicErrorController.error(javax.servlet.http.HttpServletRequest)
2018-12-14 16:23:20.589  INFO 6464 --- [main] s.w.s.m.m.a.RequestMappingHandlerMapping : Mapped "{[/error],produces=[text/html]}" onto public org.springframework.web.servlet.ModelAndView org.springframework.boot.autoconfigure.web.BasicErrorController.errorHtml(javax.servlet.http.HttpServletRequest,javax.servlet.http.HttpServletResponse)
2018-12-14 16:23:20.614  INFO 6464 --- [main] o.s.w.s.handler.SimpleUrlHandlerMapping  : Mapped URL path [/webjars/**] onto handler of type [class org.springframework.web.servlet.resource.ResourceHttpRequestHandler]
2018-12-14 16:23:20.614  INFO 6464 --- [main] o.s.w.s.handler.SimpleUrlHandlerMapping  : Mapped URL path [/**] onto handler of type [class org.springframework.web.servlet.resource.ResourceHttpRequestHandler]
2018-12-14 16:23:20.637  INFO 6464 --- [main] o.s.w.s.handler.SimpleUrlHandlerMapping  : Mapped URL path [/**/favicon.ico] onto handler of type [class org.springframework.web.servlet.resource.ResourceHttpRequestHandler]
2018-12-14 16:23:20.739  INFO 6464 --- [main] o.s.j.e.a.AnnotationMBeanExporter        : Registering beans for JMX exposure on startup
2018-12-14 16:23:20.796  INFO 6464 --- [main] s.b.c.e.t.TomcatEmbeddedServletContainer : Tomcat started on port(s): 8090 (http)
2018-12-14 16:23:20.799  INFO 6464 --- [main] com.nik.DemoApplication                  : Started DemoApplication in 2.461 seconds (JVM running for 2.921)
2018-12-14 16:24:12.713  INFO 6464 --- [http-nio-8090-exec-1] o.a.c.c.C.[Tomcat].[localhost].[/]       : Initializing Spring FrameworkServlet 'dispatcherServlet'
2018-12-14 16:24:12.714  INFO 6464 --- [http-nio-8090-exec-1] o.s.web.servlet.DispatcherServlet        : FrameworkServlet 'dispatcherServlet': initialization started
2018-12-14 16:24:12.737  INFO 6464 --- [http-nio-8090-exec-1] o.s.web.servlet.DispatcherServlet        : FrameworkServlet 'dispatcherServlet': initialization completed in 23 ms
2018-12-14 16:27:27.629  INFO 11928 --- [main] com.nik.DemoApplication                  : Starting DemoApplication on INR1601045 with PID 11928 (started by niketk in C:\Niket\Java material\Spring- Boot\Spring-Boot-RESTful-Web-Services)
2018-12-14 16:27:27.631  INFO 11928 --- [main] com.nik.DemoApplication                  : No active profile set, falling back to default profiles: default
2018-12-14 16:27:27.669  INFO 11928 --- [main] ationConfigEmbeddedWebApplicationContext : Refreshing org.springframework.boot.context.embedded.AnnotationConfigEmbeddedWebApplicationContext@31c88ec8: startup date [Fri Dec 14 16:27:27 IST 2018]; root of context hierarchy
2018-12-14 16:27:28.902  INFO 11928 --- [main] s.b.c.e.t.TomcatEmbeddedServletContainer : Tomcat initialized with port(s): 8090 (http)
2018-12-14 16:27:28.916  INFO 11928 --- [main] o.apache.catalina.core.StandardService   : Starting service Tomcat
2018-12-14 16:27:28.917  INFO 11928 --- [main] org.apache.catalina.core.StandardEngine  : Starting Servlet Engine: Apache Tomcat/8.5.6
2018-12-14 16:27:29.160  INFO 11928 --- [localhost-startStop-1] org.apache.jasper.servlet.TldScanner     : At least one JAR was scanned for TLDs yet contained no TLDs. Enable debug logging for this logger for a complete list of JARs that were scanned but no TLDs were found in them. Skipping unneeded JARs during scanning can improve startup time and JSP compilation time.
2018-12-14 16:27:29.165  INFO 11928 --- [localhost-startStop-1] o.a.c.c.C.[Tomcat].[localhost].[/]       : Initializing Spring embedded WebApplicationContext
2018-12-14 16:27:29.165  INFO 11928 --- [localhost-startStop-1] o.s.web.context.ContextLoader            : Root WebApplicationContext: initialization completed in 1499 ms
2018-12-14 16:27:29.294  INFO 11928 --- [localhost-startStop-1] o.s.b.w.servlet.ServletRegistrationBean  : Mapping servlet: 'dispatcherServlet' to [/]
2018-12-14 16:27:29.297  INFO 11928 --- [localhost-startStop-1] o.s.b.w.servlet.FilterRegistrationBean   : Mapping filter: 'characterEncodingFilter' to: [/*]
2018-12-14 16:27:29.297  INFO 11928 --- [localhost-startStop-1] o.s.b.w.servlet.FilterRegistrationBean   : Mapping filter: 'hiddenHttpMethodFilter' to: [/*]
2018-12-14 16:27:29.297  INFO 11928 --- [localhost-startStop-1] o.s.b.w.servlet.FilterRegistrationBean   : Mapping filter: 'httpPutFormContentFilter' to: [/*]
2018-12-14 16:27:29.297  INFO 11928 --- [localhost-startStop-1] o.s.b.w.servlet.FilterRegistrationBean   : Mapping filter: 'requestContextFilter' to: [/*]
2018-12-14 16:27:29.485  INFO 11928 --- [main] s.w.s.m.m.a.RequestMappingHandlerAdapter : Looking for @ControllerAdvice: org.springframework.boot.context.embedded.AnnotationConfigEmbeddedWebApplicationContext@31c88ec8: startup date [Fri Dec 14 16:27:27 IST 2018]; root of context hierarchy
2018-12-14 16:27:29.531  INFO 11928 --- [main] s.w.s.m.m.a.RequestMappingHandlerMapping : Mapped "{[/products/{id}],methods=[DELETE]}" onto public org.springframework.http.ResponseEntity<java.lang.Object> com.nik.ProductServiceController.delete(java.lang.String)
2018-12-14 16:27:29.532  INFO 11928 --- [main] s.w.s.m.m.a.RequestMappingHandlerMapping : Mapped "{[/products/{id}],methods=[PUT]}" onto public org.springframework.http.ResponseEntity<java.lang.Object> com.nik.ProductServiceController.updateProduct(java.lang.String,com.nik.Product)
2018-12-14 16:27:29.532  INFO 11928 --- [main] s.w.s.m.m.a.RequestMappingHandlerMapping : Mapped "{[/products],methods=[POST]}" onto public org.springframework.http.ResponseEntity<java.lang.Object> com.nik.ProductServiceController.createProduct(com.nik.Product)
2018-12-14 16:27:29.533  INFO 11928 --- [main] s.w.s.m.m.a.RequestMappingHandlerMapping : Mapped "{[/products]}" onto public org.springframework.http.ResponseEntity<java.lang.Object> com.nik.ProductServiceController.getProduct()
2018-12-14 16:27:29.534  INFO 11928 --- [main] s.w.s.m.m.a.RequestMappingHandlerMapping : Mapped "{[/error]}" onto public org.springframework.http.ResponseEntity<java.util.Map<java.lang.String, java.lang.Object>> org.springframework.boot.autoconfigure.web.BasicErrorController.error(javax.servlet.http.HttpServletRequest)
2018-12-14 16:27:29.534  INFO 11928 --- [main] s.w.s.m.m.a.RequestMappingHandlerMapping : Mapped "{[/error],produces=[text/html]}" onto public org.springframework.web.servlet.ModelAndView org.springframework.boot.autoconfigure.web.BasicErrorController.errorHtml(javax.servlet.http.HttpServletRequest,javax.servlet.http.HttpServletResponse)
2018-12-14 16:27:29.552  INFO 11928 --- [main] o.s.w.s.handler.SimpleUrlHandlerMapping  : Mapped URL path [/webjars/**] onto handler of type [class org.springframework.web.servlet.resource.ResourceHttpRequestHandler]
2018-12-14 16:27:29.552  INFO 11928 --- [main] o.s.w.s.handler.SimpleUrlHandlerMapping  : Mapped URL path [/**] onto handler of type [class org.springframework.web.servlet.resource.ResourceHttpRequestHandler]
2018-12-14 16:27:29.576  INFO 11928 --- [main] o.s.w.s.handler.SimpleUrlHandlerMapping  : Mapped URL path [/**/favicon.ico] onto handler of type [class org.springframework.web.servlet.resource.ResourceHttpRequestHandler]
2018-12-14 16:27:29.687  INFO 11928 --- [main] o.s.j.e.a.AnnotationMBeanExporter        : Registering beans for JMX exposure on startup
2018-12-14 16:27:29.744  INFO 11928 --- [main] s.b.c.e.t.TomcatEmbeddedServletContainer : Tomcat started on port(s): 8090 (http)
2018-12-14 16:27:29.748  INFO 11928 --- [main] com.nik.DemoApplication                  : Started DemoApplication in 2.465 seconds (JVM running for 2.946)
2018-12-14 16:27:36.147  INFO 11928 --- [http-nio-8090-exec-1] o.a.c.c.C.[Tomcat].[localhost].[/]       : Initializing Spring FrameworkServlet 'dispatcherServlet'
2018-12-14 16:27:36.147  INFO 11928 --- [http-nio-8090-exec-1] o.s.web.servlet.DispatcherServlet        : FrameworkServlet 'dispatcherServlet': initialization started
2018-12-14 16:27:36.166  INFO 11928 --- [http-nio-8090-exec-1] o.s.web.servlet.DispatcherServlet        : FrameworkServlet 'dispatcherServlet': initialization completed in 19 ms
2018-12-14 16:28:37.929  WARN 11928 --- [http-nio-8090-exec-9] o.s.web.servlet.PageNotFound             : Request method 'GET' not supported
2018-12-14 16:28:47.883  WARN 11928 --- [http-nio-8090-exec-10] .w.s.m.s.DefaultHandlerExceptionResolver : Failed to read HTTP message: org.springframework.http.converter.HttpMessageNotReadableException: Required request body is missing: public org.springframework.http.ResponseEntity<java.lang.Object> com.nik.ProductServiceController.updateProduct(java.lang.String,com.nik.Product)
2018-12-14 16:29:14.171  WARN 11928 --- [http-nio-8090-exec-1] .w.s.m.s.DefaultHandlerExceptionResolver : Failed to read HTTP message: org.springframework.http.converter.HttpMessageNotReadableException: Required request body is missing: public org.springframework.http.ResponseEntity<java.lang.Object> com.nik.ProductServiceController.updateProduct(java.lang.String,com.nik.Product)
2019-01-04 20:46:41.797  INFO 5980 --- [main] com.nik.DemoApplication                  : Starting DemoApplication on INR1601045 with PID 5980 (started by niketk in C:\Niket\Java material\Spring- Boot\Spring-Boot-RESTful-Web-Services)
2019-01-04 20:46:41.802  INFO 5980 --- [main] com.nik.DemoApplication                  : No active profile set, falling back to default profiles: default
2019-01-04 20:46:41.842  INFO 5980 --- [main] ationConfigEmbeddedWebApplicationContext : Refreshing org.springframework.boot.context.embedded.AnnotationConfigEmbeddedWebApplicationContext@56a6d5a6: startup date [Fri Jan 04 20:46:41 IST 2019]; root of context hierarchy
2019-01-04 20:46:42.774  INFO 5980 --- [main] s.b.c.e.t.TomcatEmbeddedServletContainer : Tomcat initialized with port(s): 8090 (http)
2019-01-04 20:46:42.782  INFO 5980 --- [main] o.apache.catalina.core.StandardService   : Starting service Tomcat
2019-01-04 20:46:42.784  INFO 5980 --- [main] org.apache.catalina.core.StandardEngine  : Starting Servlet Engine: Apache Tomcat/8.5.6
2019-01-04 20:46:43.066  INFO 5980 --- [localhost-startStop-1] org.apache.jasper.servlet.TldScanner     : At least one JAR was scanned for TLDs yet contained no TLDs. Enable debug logging for this logger for a complete list of JARs that were scanned but no TLDs were found in them. Skipping unneeded JARs during scanning can improve startup time and JSP compilation time.
2019-01-04 20:46:43.097  INFO 5980 --- [localhost-startStop-1] o.a.c.c.C.[Tomcat].[localhost].[/]       : Initializing Spring embedded WebApplicationContext
2019-01-04 20:46:43.097  INFO 5980 --- [localhost-startStop-1] o.s.web.context.ContextLoader            : Root WebApplicationContext: initialization completed in 1258 ms
2019-01-04 20:46:43.253  INFO 5980 --- [localhost-startStop-1] o.s.b.w.servlet.ServletRegistrationBean  : Mapping servlet: 'dispatcherServlet' to [/]
2019-01-04 20:46:43.256  INFO 5980 --- [localhost-startStop-1] o.s.b.w.servlet.FilterRegistrationBean   : Mapping filter: 'characterEncodingFilter' to: [/*]
2019-01-04 20:46:43.257  INFO 5980 --- [localhost-startStop-1] o.s.b.w.servlet.FilterRegistrationBean   : Mapping filter: 'hiddenHttpMethodFilter' to: [/*]
2019-01-04 20:46:43.257  INFO 5980 --- [localhost-startStop-1] o.s.b.w.servlet.FilterRegistrationBean   : Mapping filter: 'httpPutFormContentFilter' to: [/*]
2019-01-04 20:46:43.258  INFO 5980 --- [localhost-startStop-1] o.s.b.w.servlet.FilterRegistrationBean   : Mapping filter: 'requestContextFilter' to: [/*]
2019-01-04 20:46:43.480  INFO 5980 --- [main] s.w.s.m.m.a.RequestMappingHandlerAdapter : Looking for @ControllerAdvice: org.springframework.boot.context.embedded.AnnotationConfigEmbeddedWebApplicationContext@56a6d5a6: startup date [Fri Jan 04 20:46:41 IST 2019]; root of context hierarchy
2019-01-04 20:46:43.535  INFO 5980 --- [main] s.w.s.m.m.a.RequestMappingHandlerMapping : Mapped "{[/products/{id}],methods=[DELETE]}" onto public org.springframework.http.ResponseEntity<java.lang.Object> com.nik.ProductServiceController.delete(java.lang.String)
2019-01-04 20:46:43.537  INFO 5980 --- [main] s.w.s.m.m.a.RequestMappingHandlerMapping : Mapped "{[/products],methods=[POST]}" onto public org.springframework.http.ResponseEntity<java.lang.Object> com.nik.ProductServiceController.createProduct(com.nik.Product)
2019-01-04 20:46:43.538  INFO 5980 --- [main] s.w.s.m.m.a.RequestMappingHandlerMapping : Mapped "{[/products/{id}],methods=[PUT]}" onto public org.springframework.http.ResponseEntity<java.lang.Object> com.nik.ProductServiceController.updateProduct(java.lang.String,com.nik.Product)
2019-01-04 20:46:43.538  INFO 5980 --- [main] s.w.s.m.m.a.RequestMappingHandlerMapping : Mapped "{[/products]}" onto public org.springframework.http.ResponseEntity<java.lang.Object> com.nik.ProductServiceController.getProduct()
2019-01-04 20:46:43.541  INFO 5980 --- [main] s.w.s.m.m.a.RequestMappingHandlerMapping : Mapped "{[/error]}" onto public org.springframework.http.ResponseEntity<java.util.Map<java.lang.String, java.lang.Object>> org.springframework.boot.autoconfigure.web.BasicErrorController.error(javax.servlet.http.HttpServletRequest)
2019-01-04 20:46:43.543  INFO 5980 --- [main] s.w.s.m.m.a.RequestMappingHandlerMapping : Mapped "{[/error],produces=[text/html]}" onto public org.springframework.web.servlet.ModelAndView org.springframework.boot.autoconfigure.web.BasicErrorController.errorHtml(javax.servlet.http.HttpServletRequest,javax.servlet.http.HttpServletResponse)
2019-01-04 20:46:43.569  INFO 5980 --- [main] o.s.w.s.handler.SimpleUrlHandlerMapping  : Mapped URL path [/webjars/**] onto handler of type [class org.springframework.web.servlet.resource.ResourceHttpRequestHandler]
2019-01-04 20:46:43.570  INFO 5980 --- [main] o.s.w.s.handler.SimpleUrlHandlerMapping  : Mapped URL path [/**] onto handler of type [class org.springframework.web.servlet.resource.ResourceHttpRequestHandler]
2019-01-04 20:46:43.590  INFO 5980 --- [main] o.s.w.s.handler.SimpleUrlHandlerMapping  : Mapped URL path [/**/favicon.ico] onto handler of type [class org.springframework.web.servlet.resource.ResourceHttpRequestHandler]
2019-01-04 20:46:43.701  INFO 5980 --- [main] o.s.j.e.a.AnnotationMBeanExporter        : Registering beans for JMX exposure on startup
2019-01-04 20:46:43.751  INFO 5980 --- [main] s.b.c.e.t.TomcatEmbeddedServletContainer : Tomcat started on port(s): 8090 (http)
2019-01-04 20:46:43.754  INFO 5980 --- [main] com.nik.DemoApplication                  : Started DemoApplication in 2.234 seconds (JVM running for 3.256)
2019-01-04 20:47:02.263  INFO 5980 --- [http-nio-8090-exec-1] o.a.c.c.C.[Tomcat].[localhost].[/]       : Initializing Spring FrameworkServlet 'dispatcherServlet'
2019-01-04 20:47:02.264  INFO 5980 --- [http-nio-8090-exec-1] o.s.web.servlet.DispatcherServlet        : FrameworkServlet 'dispatcherServlet': initialization started
2019-01-04 20:47:02.285  INFO 5980 --- [http-nio-8090-exec-1] o.s.web.servlet.DispatcherServlet        : FrameworkServlet 'dispatcherServlet': initialization completed in 21 ms
2019-01-04 21:01:58.578  INFO 5980 --- [RMI TCP Connection(2)-127.0.0.1] inMXBeanRegistrar$SpringApplicationAdmin : Application shutdown requested.
2019-01-04 21:01:58.579  INFO 5980 --- [RMI TCP Connection(2)-127.0.0.1] ationConfigEmbeddedWebApplicationContext : Closing org.springframework.boot.context.embedded.AnnotationConfigEmbeddedWebApplicationContext@56a6d5a6: startup date [Fri Jan 04 20:46:41 IST 2019]; root of context hierarchy
2019-01-04 21:01:58.580  INFO 5980 --- [RMI TCP Connection(2)-127.0.0.1] o.s.j.e.a.AnnotationMBeanExporter        : Unregistering JMX-exposed beans on shutdown
2019-09-11 14:23:41.684  INFO 10052 --- [main] com.nik.DemoApplication                  : Starting DemoApplication on INR1601045 with PID 10052 (started by niketk in C:\Niket\Java material\Spring- Boot\Spring-Boot-RESTful-Web-Services)
2019-09-11 14:23:41.686  INFO 10052 --- [main] com.nik.DemoApplication                  : No active profile set, falling back to default profiles: default
2019-09-11 14:23:41.730  INFO 10052 --- [main] ationConfigEmbeddedWebApplicationContext : Refreshing org.springframework.boot.context.embedded.AnnotationConfigEmbeddedWebApplicationContext@31c88ec8: startup date [Wed Sep 11 14:23:41 IST 2019]; root of context hierarchy
2019-09-11 14:23:42.973  INFO 10052 --- [main] s.b.c.e.t.TomcatEmbeddedServletContainer : Tomcat initialized with port(s): 8090 (http)
2019-09-11 14:23:42.985  INFO 10052 --- [main] o.apache.catalina.core.StandardService   : Starting service Tomcat
2019-09-11 14:23:42.986  INFO 10052 --- [main] org.apache.catalina.core.StandardEngine  : Starting Servlet Engine: Apache Tomcat/8.5.6
2019-09-11 14:23:43.249  INFO 10052 --- [localhost-startStop-1] org.apache.jasper.servlet.TldScanner     : At least one JAR was scanned for TLDs yet contained no TLDs. Enable debug logging for this logger for a complete list of JARs that were scanned but no TLDs were found in them. Skipping unneeded JARs during scanning can improve startup time and JSP compilation time.
2019-09-11 14:23:43.254  INFO 10052 --- [localhost-startStop-1] o.a.c.c.C.[Tomcat].[localhost].[/]       : Initializing Spring embedded WebApplicationContext
2019-09-11 14:23:43.255  INFO 10052 --- [localhost-startStop-1] o.s.web.context.ContextLoader            : Root WebApplicationContext: initialization completed in 1528 ms
2019-09-11 14:23:43.417  INFO 10052 --- [localhost-startStop-1] o.s.b.w.servlet.ServletRegistrationBean  : Mapping servlet: 'dispatcherServlet' to [/]
2019-09-11 14:23:43.421  INFO 10052 --- [localhost-startStop-1] o.s.b.w.servlet.FilterRegistrationBean   : Mapping filter: 'characterEncodingFilter' to: [/*]
2019-09-11 14:23:43.422  INFO 10052 --- [localhost-startStop-1] o.s.b.w.servlet.FilterRegistrationBean   : Mapping filter: 'hiddenHttpMethodFilter' to: [/*]
2019-09-11 14:23:43.422  INFO 10052 --- [localhost-startStop-1] o.s.b.w.servlet.FilterRegistrationBean   : Mapping filter: 'httpPutFormContentFilter' to: [/*]
2019-09-11 14:23:43.422  INFO 10052 --- [localhost-startStop-1] o.s.b.w.servlet.FilterRegistrationBean   : Mapping filter: 'requestContextFilter' to: [/*]
2019-09-11 14:23:43.632  INFO 10052 --- [main] s.w.s.m.m.a.RequestMappingHandlerAdapter : Looking for @ControllerAdvice: org.springframework.boot.context.embedded.AnnotationConfigEmbeddedWebApplicationContext@31c88ec8: startup date [Wed Sep 11 14:23:41 IST 2019]; root of context hierarchy
2019-09-11 14:23:43.686  INFO 10052 --- [main] s.w.s.m.m.a.RequestMappingHandlerMapping : Mapped "{[/products/{id}],methods=[DELETE]}" onto public org.springframework.http.ResponseEntity<java.lang.Object> com.nik.ProductServiceController.delete(java.lang.String)
2019-09-11 14:23:43.687  INFO 10052 --- [main] s.w.s.m.m.a.RequestMappingHandlerMapping : Mapped "{[/products],methods=[POST]}" onto public org.springframework.http.ResponseEntity<java.lang.Object> com.nik.ProductServiceController.createProduct(com.nik.Product)
2019-09-11 14:23:43.687  INFO 10052 --- [main] s.w.s.m.m.a.RequestMappingHandlerMapping : Mapped "{[/products/{id}],methods=[PUT]}" onto public org.springframework.http.ResponseEntity<java.lang.Object> com.nik.ProductServiceController.updateProduct(java.lang.String,com.nik.Product)
2019-09-11 14:23:43.688  INFO 10052 --- [main] s.w.s.m.m.a.RequestMappingHandlerMapping : Mapped "{[/products]}" onto public org.springframework.http.ResponseEntity<java.lang.Object> com.nik.ProductServiceController.getProduct()
2019-09-11 14:23:43.689  INFO 10052 --- [main] s.w.s.m.m.a.RequestMappingHandlerMapping : Mapped "{[/error]}" onto public org.springframework.http.ResponseEntity<java.util.Map<java.lang.String, java.lang.Object>> org.springframework.boot.autoconfigure.web.BasicErrorController.error(javax.servlet.http.HttpServletRequest)
2019-09-11 14:23:43.690  INFO 10052 --- [main] s.w.s.m.m.a.RequestMappingHandlerMapping : Mapped "{[/error],produces=[text/html]}" onto public org.springframework.web.servlet.ModelAndView org.springframework.boot.autoconfigure.web.BasicErrorController.errorHtml(javax.servlet.http.HttpServletRequest,javax.servlet.http.HttpServletResponse)
2019-09-11 14:23:43.712  INFO 10052 --- [main] o.s.w.s.handler.SimpleUrlHandlerMapping  : Mapped URL path [/webjars/**] onto handler of type [class org.springframework.web.servlet.resource.ResourceHttpRequestHandler]
2019-09-11 14:23:43.712  INFO 10052 --- [main] o.s.w.s.handler.SimpleUrlHandlerMapping  : Mapped URL path [/**] onto handler of type [class org.springframework.web.servlet.resource.ResourceHttpRequestHandler]
2019-09-11 14:23:43.741  INFO 10052 --- [main] o.s.w.s.handler.SimpleUrlHandlerMapping  : Mapped URL path [/**/favicon.ico] onto handler of type [class org.springframework.web.servlet.resource.ResourceHttpRequestHandler]
2019-09-11 14:23:43.854  INFO 10052 --- [main] o.s.j.e.a.AnnotationMBeanExporter        : Registering beans for JMX exposure on startup
2019-09-11 14:23:43.912  INFO 10052 --- [main] s.b.c.e.t.TomcatEmbeddedServletContainer : Tomcat started on port(s): 8090 (http)
2019-09-11 14:23:43.916  INFO 10052 --- [main] com.nik.DemoApplication                  : Started DemoApplication in 2.592 seconds (JVM running for 3.066)
2019-09-11 14:25:03.851  INFO 10052 --- [http-nio-8090-exec-1] o.a.c.c.C.[Tomcat].[localhost].[/]       : Initializing Spring FrameworkServlet 'dispatcherServlet'
2019-09-11 14:25:03.852  INFO 10052 --- [http-nio-8090-exec-1] o.s.web.servlet.DispatcherServlet        : FrameworkServlet 'dispatcherServlet': initialization started
2019-09-11 14:25:03.875  INFO 10052 --- [http-nio-8090-exec-1] o.s.web.servlet.DispatcherServlet        : FrameworkServlet 'dispatcherServlet': initialization completed in 23 ms
2019-09-11 14:25:03.895  WARN 10052 --- [http-nio-8090-exec-1] o.s.web.servlet.PageNotFound             : Request method 'GET' not supported
2019-09-11 14:25:15.370  WARN 10052 --- [http-nio-8090-exec-3] o.s.web.servlet.PageNotFound             : Request method 'GET' not supported
2019-09-11 14:27:59.221  INFO 13848 --- [main] com.nik.DemoApplication                  : Starting DemoApplication on INR1601045 with PID 13848 (started by niketk in C:\Niket\Java material\Spring- Boot\Spring-Boot-RESTful-Web-Services)
2019-09-11 14:27:59.224  INFO 13848 --- [main] com.nik.DemoApplication                  : No active profile set, falling back to default profiles: default
2019-09-11 14:27:59.263  INFO 13848 --- [main] ationConfigEmbeddedWebApplicationContext : Refreshing org.springframework.boot.context.embedded.AnnotationConfigEmbeddedWebApplicationContext@31c88ec8: startup date [Wed Sep 11 14:27:59 IST 2019]; root of context hierarchy
2019-09-11 14:28:00.466  INFO 13848 --- [main] s.b.c.e.t.TomcatEmbeddedServletContainer : Tomcat initialized with port(s): 8090 (http)
2019-09-11 14:28:00.479  INFO 13848 --- [main] o.apache.catalina.core.StandardService   : Starting service Tomcat
2019-09-11 14:28:00.480  INFO 13848 --- [main] org.apache.catalina.core.StandardEngine  : Starting Servlet Engine: Apache Tomcat/8.5.6
2019-09-11 14:28:00.721  INFO 13848 --- [localhost-startStop-1] org.apache.jasper.servlet.TldScanner     : At least one JAR was scanned for TLDs yet contained no TLDs. Enable debug logging for this logger for a complete list of JARs that were scanned but no TLDs were found in them. Skipping unneeded JARs during scanning can improve startup time and JSP compilation time.
2019-09-11 14:28:00.728  INFO 13848 --- [localhost-startStop-1] o.a.c.c.C.[Tomcat].[localhost].[/]       : Initializing Spring embedded WebApplicationContext
2019-09-11 14:28:00.728  INFO 13848 --- [localhost-startStop-1] o.s.web.context.ContextLoader            : Root WebApplicationContext: initialization completed in 1467 ms
2019-09-11 14:28:00.871  INFO 13848 --- [localhost-startStop-1] o.s.b.w.servlet.ServletRegistrationBean  : Mapping servlet: 'dispatcherServlet' to [/]
2019-09-11 14:28:00.874  INFO 13848 --- [localhost-startStop-1] o.s.b.w.servlet.FilterRegistrationBean   : Mapping filter: 'characterEncodingFilter' to: [/*]
2019-09-11 14:28:00.874  INFO 13848 --- [localhost-startStop-1] o.s.b.w.servlet.FilterRegistrationBean   : Mapping filter: 'hiddenHttpMethodFilter' to: [/*]
2019-09-11 14:28:00.874  INFO 13848 --- [localhost-startStop-1] o.s.b.w.servlet.FilterRegistrationBean   : Mapping filter: 'httpPutFormContentFilter' to: [/*]
2019-09-11 14:28:00.875  INFO 13848 --- [localhost-startStop-1] o.s.b.w.servlet.FilterRegistrationBean   : Mapping filter: 'requestContextFilter' to: [/*]
2019-09-11 14:28:01.067  INFO 13848 --- [main] s.w.s.m.m.a.RequestMappingHandlerAdapter : Looking for @ControllerAdvice: org.springframework.boot.context.embedded.AnnotationConfigEmbeddedWebApplicationContext@31c88ec8: startup date [Wed Sep 11 14:27:59 IST 2019]; root of context hierarchy
2019-09-11 14:28:01.109  INFO 13848 --- [main] s.w.s.m.m.a.RequestMappingHandlerMapping : Mapped "{[/products/{id}],methods=[DELETE]}" onto public org.springframework.http.ResponseEntity<java.lang.Object> com.nik.ProductServiceController.delete(java.lang.String)
2019-09-11 14:28:01.110  INFO 13848 --- [main] s.w.s.m.m.a.RequestMappingHandlerMapping : Mapped "{[/products/{id}],methods=[PUT]}" onto public org.springframework.http.ResponseEntity<java.lang.Object> com.nik.ProductServiceController.updateProduct(java.lang.String,com.nik.Product)
2019-09-11 14:28:01.110  INFO 13848 --- [main] s.w.s.m.m.a.RequestMappingHandlerMapping : Mapped "{[/products]}" onto public org.springframework.http.ResponseEntity<java.lang.Object> com.nik.ProductServiceController.getProduct()
2019-09-11 14:28:01.110  INFO 13848 --- [main] s.w.s.m.m.a.RequestMappingHandlerMapping : Mapped "{[/products/{id}]}" onto public org.springframework.http.ResponseEntity<java.lang.Object> com.nik.ProductServiceController.getProduct(java.lang.String)
2019-09-11 14:28:01.111  INFO 13848 --- [main] s.w.s.m.m.a.RequestMappingHandlerMapping : Mapped "{[/products],methods=[POST]}" onto public org.springframework.http.ResponseEntity<java.lang.Object> com.nik.ProductServiceController.createProduct(com.nik.Product)
2019-09-11 14:28:01.112  INFO 13848 --- [main] s.w.s.m.m.a.RequestMappingHandlerMapping : Mapped "{[/error]}" onto public org.springframework.http.ResponseEntity<java.util.Map<java.lang.String, java.lang.Object>> org.springframework.boot.autoconfigure.web.BasicErrorController.error(javax.servlet.http.HttpServletRequest)
2019-09-11 14:28:01.113  INFO 13848 --- [main] s.w.s.m.m.a.RequestMappingHandlerMapping : Mapped "{[/error],produces=[text/html]}" onto public org.springframework.web.servlet.ModelAndView org.springframework.boot.autoconfigure.web.BasicErrorController.errorHtml(javax.servlet.http.HttpServletRequest,javax.servlet.http.HttpServletResponse)
2019-09-11 14:28:01.134  INFO 13848 --- [main] o.s.w.s.handler.SimpleUrlHandlerMapping  : Mapped URL path [/webjars/**] onto handler of type [class org.springframework.web.servlet.resource.ResourceHttpRequestHandler]
2019-09-11 14:28:01.135  INFO 13848 --- [main] o.s.w.s.handler.SimpleUrlHandlerMapping  : Mapped URL path [/**] onto handler of type [class org.springframework.web.servlet.resource.ResourceHttpRequestHandler]
2019-09-11 14:28:01.160  INFO 13848 --- [main] o.s.w.s.handler.SimpleUrlHandlerMapping  : Mapped URL path [/**/favicon.ico] onto handler of type [class org.springframework.web.servlet.resource.ResourceHttpRequestHandler]
2019-09-11 14:28:01.272  INFO 13848 --- [main] o.s.j.e.a.AnnotationMBeanExporter        : Registering beans for JMX exposure on startup
2019-09-11 14:28:01.338  INFO 13848 --- [main] s.b.c.e.t.TomcatEmbeddedServletContainer : Tomcat started on port(s): 8090 (http)
2019-09-11 14:28:01.342  INFO 13848 --- [main] com.nik.DemoApplication                  : Started DemoApplication in 2.493 seconds (JVM running for 3.009)
2019-09-11 14:28:04.393  INFO 13848 --- [http-nio-8090-exec-1] o.a.c.c.C.[Tomcat].[localhost].[/]       : Initializing Spring FrameworkServlet 'dispatcherServlet'
2019-09-11 14:28:04.394  INFO 13848 --- [http-nio-8090-exec-1] o.s.web.servlet.DispatcherServlet        : FrameworkServlet 'dispatcherServlet': initialization started
2019-09-11 14:28:04.413  INFO 13848 --- [http-nio-8090-exec-1] o.s.web.servlet.DispatcherServlet        : FrameworkServlet 'dispatcherServlet': initialization completed in 19 ms
2019-09-11 14:28:42.228  INFO 16720 --- [main] com.nik.DemoApplication                  : Starting DemoApplication on INR1601045 with PID 16720 (started by niketk in C:\Niket\Java material\Spring- Boot\Spring-Boot-RESTful-Web-Services)
2019-09-11 14:28:42.230  INFO 16720 --- [main] com.nik.DemoApplication                  : No active profile set, falling back to default profiles: default
2019-09-11 14:28:42.271  INFO 16720 --- [main] ationConfigEmbeddedWebApplicationContext : Refreshing org.springframework.boot.context.embedded.AnnotationConfigEmbeddedWebApplicationContext@31c88ec8: startup date [Wed Sep 11 14:28:42 IST 2019]; root of context hierarchy
2019-09-11 14:28:43.421  INFO 16720 --- [main] s.b.c.e.t.TomcatEmbeddedServletContainer : Tomcat initialized with port(s): 8090 (http)
2019-09-11 14:28:43.433  INFO 16720 --- [main] o.apache.catalina.core.StandardService   : Starting service Tomcat
2019-09-11 14:28:43.434  INFO 16720 --- [main] org.apache.catalina.core.StandardEngine  : Starting Servlet Engine: Apache Tomcat/8.5.6
2019-09-11 14:28:43.700  INFO 16720 --- [localhost-startStop-1] org.apache.jasper.servlet.TldScanner     : At least one JAR was scanned for TLDs yet contained no TLDs. Enable debug logging for this logger for a complete list of JARs that were scanned but no TLDs were found in them. Skipping unneeded JARs during scanning can improve startup time and JSP compilation time.
2019-09-11 14:28:43.705  INFO 16720 --- [localhost-startStop-1] o.a.c.c.C.[Tomcat].[localhost].[/]       : Initializing Spring embedded WebApplicationContext
2019-09-11 14:28:43.705  INFO 16720 --- [localhost-startStop-1] o.s.web.context.ContextLoader            : Root WebApplicationContext: initialization completed in 1436 ms
2019-09-11 14:28:43.843  INFO 16720 --- [localhost-startStop-1] o.s.b.w.servlet.ServletRegistrationBean  : Mapping servlet: 'dispatcherServlet' to [/]
2019-09-11 14:28:43.845  INFO 16720 --- [localhost-startStop-1] o.s.b.w.servlet.FilterRegistrationBean   : Mapping filter: 'characterEncodingFilter' to: [/*]
2019-09-11 14:28:43.846  INFO 16720 --- [localhost-startStop-1] o.s.b.w.servlet.FilterRegistrationBean   : Mapping filter: 'hiddenHttpMethodFilter' to: [/*]
2019-09-11 14:28:43.846  INFO 16720 --- [localhost-startStop-1] o.s.b.w.servlet.FilterRegistrationBean   : Mapping filter: 'httpPutFormContentFilter' to: [/*]
2019-09-11 14:28:43.846  INFO 16720 --- [localhost-startStop-1] o.s.b.w.servlet.FilterRegistrationBean   : Mapping filter: 'requestContextFilter' to: [/*]
2019-09-11 14:28:44.036  INFO 16720 --- [main] s.w.s.m.m.a.RequestMappingHandlerAdapter : Looking for @ControllerAdvice: org.springframework.boot.context.embedded.AnnotationConfigEmbeddedWebApplicationContext@31c88ec8: startup date [Wed Sep 11 14:28:42 IST 2019]; root of context hierarchy
2019-09-11 14:28:44.080  INFO 16720 --- [main] s.w.s.m.m.a.RequestMappingHandlerMapping : Mapped "{[/products/{id}],methods=[DELETE]}" onto public org.springframework.http.ResponseEntity<java.lang.Object> com.nik.ProductServiceController.delete(java.lang.String)
2019-09-11 14:28:44.080  INFO 16720 --- [main] s.w.s.m.m.a.RequestMappingHandlerMapping : Mapped "{[/products/{id}],methods=[PUT]}" onto public org.springframework.http.ResponseEntity<java.lang.Object> com.nik.ProductServiceController.updateProduct(java.lang.String,com.nik.Product)
2019-09-11 14:28:44.081  INFO 16720 --- [main] s.w.s.m.m.a.RequestMappingHandlerMapping : Mapped "{[/products],methods=[POST]}" onto public org.springframework.http.ResponseEntity<java.lang.Object> com.nik.ProductServiceController.createProduct(com.nik.Product)
2019-09-11 14:28:44.081  INFO 16720 --- [main] s.w.s.m.m.a.RequestMappingHandlerMapping : Mapped "{[/products]}" onto public org.springframework.http.ResponseEntity<java.lang.Object> com.nik.ProductServiceController.getProduct()
2019-09-11 14:28:44.081  INFO 16720 --- [main] s.w.s.m.m.a.RequestMappingHandlerMapping : Mapped "{[/products/{id}]}" onto public org.springframework.http.ResponseEntity<java.lang.Object> com.nik.ProductServiceController.getProduct(java.lang.String)
2019-09-11 14:28:44.083  INFO 16720 --- [main] s.w.s.m.m.a.RequestMappingHandlerMapping : Mapped "{[/error]}" onto public org.springframework.http.ResponseEntity<java.util.Map<java.lang.String, java.lang.Object>> org.springframework.boot.autoconfigure.web.BasicErrorController.error(javax.servlet.http.HttpServletRequest)
2019-09-11 14:28:44.083  INFO 16720 --- [main] s.w.s.m.m.a.RequestMappingHandlerMapping : Mapped "{[/error],produces=[text/html]}" onto public org.springframework.web.servlet.ModelAndView org.springframework.boot.autoconfigure.web.BasicErrorController.errorHtml(javax.servlet.http.HttpServletRequest,javax.servlet.http.HttpServletResponse)
2019-09-11 14:28:44.101  INFO 16720 --- [main] o.s.w.s.handler.SimpleUrlHandlerMapping  : Mapped URL path [/webjars/**] onto handler of type [class org.springframework.web.servlet.resource.ResourceHttpRequestHandler]
2019-09-11 14:28:44.102  INFO 16720 --- [main] o.s.w.s.handler.SimpleUrlHandlerMapping  : Mapped URL path [/**] onto handler of type [class org.springframework.web.servlet.resource.ResourceHttpRequestHandler]
2019-09-11 14:28:44.128  INFO 16720 --- [main] o.s.w.s.handler.SimpleUrlHandlerMapping  : Mapped URL path [/**/favicon.ico] onto handler of type [class org.springframework.web.servlet.resource.ResourceHttpRequestHandler]
2019-09-11 14:28:44.235  INFO 16720 --- [main] o.s.j.e.a.AnnotationMBeanExporter        : Registering beans for JMX exposure on startup
2019-09-11 14:28:44.297  INFO 16720 --- [main] s.b.c.e.t.TomcatEmbeddedServletContainer : Tomcat started on port(s): 8090 (http)
2019-09-11 14:28:44.301  INFO 16720 --- [main] com.nik.DemoApplication                  : Started DemoApplication in 2.445 seconds (JVM running for 2.916)
2019-09-11 14:28:46.075  INFO 16720 --- [http-nio-8090-exec-1] o.a.c.c.C.[Tomcat].[localhost].[/]       : Initializing Spring FrameworkServlet 'dispatcherServlet'
2019-09-11 14:28:46.076  INFO 16720 --- [http-nio-8090-exec-1] o.s.web.servlet.DispatcherServlet        : FrameworkServlet 'dispatcherServlet': initialization started
2019-09-11 14:28:46.096  INFO 16720 --- [http-nio-8090-exec-1] o.s.web.servlet.DispatcherServlet        : FrameworkServlet 'dispatcherServlet': initialization completed in 20 ms
2019-09-11 17:01:15.013  INFO 16944 --- [main] com.nik.DemoApplication                  : Starting DemoApplication on INR1601045 with PID 16944 (started by niketk in C:\Niket\Java material\Spring- Boot\Spring-Boot-RESTful-Web-Services)
2019-09-11 17:01:15.015  INFO 16944 --- [main] com.nik.DemoApplication                  : No active profile set, falling back to default profiles: default
2019-09-11 17:01:15.058  INFO 16944 --- [main] ationConfigEmbeddedWebApplicationContext : Refreshing org.springframework.boot.context.embedded.AnnotationConfigEmbeddedWebApplicationContext@31c88ec8: startup date [Wed Sep 11 17:01:15 IST 2019]; root of context hierarchy
2019-09-11 17:01:16.322  INFO 16944 --- [main] s.b.c.e.t.TomcatEmbeddedServletContainer : Tomcat initialized with port(s): 8090 (http)
2019-09-11 17:01:16.334  INFO 16944 --- [main] o.apache.catalina.core.StandardService   : Starting service Tomcat
2019-09-11 17:01:16.335  INFO 16944 --- [main] org.apache.catalina.core.StandardEngine  : Starting Servlet Engine: Apache Tomcat/8.5.6
2019-09-11 17:01:16.636  INFO 16944 --- [localhost-startStop-1] org.apache.jasper.servlet.TldScanner     : At least one JAR was scanned for TLDs yet contained no TLDs. Enable debug logging for this logger for a complete list of JARs that were scanned but no TLDs were found in them. Skipping unneeded JARs during scanning can improve startup time and JSP compilation time.
2019-09-11 17:01:16.643  INFO 16944 --- [localhost-startStop-1] o.a.c.c.C.[Tomcat].[localhost].[/]       : Initializing Spring embedded WebApplicationContext
2019-09-11 17:01:16.643  INFO 16944 --- [localhost-startStop-1] o.s.web.context.ContextLoader            : Root WebApplicationContext: initialization completed in 1589 ms
2019-09-11 17:01:16.821  INFO 16944 --- [localhost-startStop-1] o.s.b.w.servlet.ServletRegistrationBean  : Mapping servlet: 'dispatcherServlet' to [/]
2019-09-11 17:01:16.825  INFO 16944 --- [localhost-startStop-1] o.s.b.w.servlet.FilterRegistrationBean   : Mapping filter: 'characterEncodingFilter' to: [/*]
2019-09-11 17:01:16.826  INFO 16944 --- [localhost-startStop-1] o.s.b.w.servlet.FilterRegistrationBean   : Mapping filter: 'hiddenHttpMethodFilter' to: [/*]
2019-09-11 17:01:16.826  INFO 16944 --- [localhost-startStop-1] o.s.b.w.servlet.FilterRegistrationBean   : Mapping filter: 'httpPutFormContentFilter' to: [/*]
2019-09-11 17:01:16.826  INFO 16944 --- [localhost-startStop-1] o.s.b.w.servlet.FilterRegistrationBean   : Mapping filter: 'requestContextFilter' to: [/*]
2019-09-11 17:01:17.056  INFO 16944 --- [main] s.w.s.m.m.a.RequestMappingHandlerAdapter : Looking for @ControllerAdvice: org.springframework.boot.context.embedded.AnnotationConfigEmbeddedWebApplicationContext@31c88ec8: startup date [Wed Sep 11 17:01:15 IST 2019]; root of context hierarchy
2019-09-11 17:01:17.106  INFO 16944 --- [main] s.w.s.m.m.a.RequestMappingHandlerMapping : Mapped "{[/products/{id}],methods=[DELETE]}" onto public org.springframework.http.ResponseEntity<java.lang.Object> com.nik.ProductServiceController.delete(java.lang.String)
2019-09-11 17:01:17.107  INFO 16944 --- [main] s.w.s.m.m.a.RequestMappingHandlerMapping : Mapped "{[/products],consumes=[*/*],produces=[application/json || application/xml]}" onto public org.springframework.http.ResponseEntity<java.lang.Object> com.nik.ProductServiceController.getProduct()
2019-09-11 17:01:17.107  INFO 16944 --- [main] s.w.s.m.m.a.RequestMappingHandlerMapping : Mapped "{[/products/{id}]}" onto public org.springframework.http.ResponseEntity<java.lang.Object> com.nik.ProductServiceController.getProduct(java.lang.String)
2019-09-11 17:01:17.107  INFO 16944 --- [main] s.w.s.m.m.a.RequestMappingHandlerMapping : Mapped "{[/products/{id}],methods=[PUT]}" onto public org.springframework.http.ResponseEntity<java.lang.Object> com.nik.ProductServiceController.updateProduct(java.lang.String,com.nik.Product)
2019-09-11 17:01:17.107  INFO 16944 --- [main] s.w.s.m.m.a.RequestMappingHandlerMapping : Mapped "{[/products],methods=[POST]}" onto public org.springframework.http.ResponseEntity<java.lang.Object> com.nik.ProductServiceController.createProduct(com.nik.Product)
2019-09-11 17:01:17.109  INFO 16944 --- [main] s.w.s.m.m.a.RequestMappingHandlerMapping : Mapped "{[/error]}" onto public org.springframework.http.ResponseEntity<java.util.Map<java.lang.String, java.lang.Object>> org.springframework.boot.autoconfigure.web.BasicErrorController.error(javax.servlet.http.HttpServletRequest)
2019-09-11 17:01:17.110  INFO 16944 --- [main] s.w.s.m.m.a.RequestMappingHandlerMapping : Mapped "{[/error],produces=[text/html]}" onto public org.springframework.web.servlet.ModelAndView org.springframework.boot.autoconfigure.web.BasicErrorController.errorHtml(javax.servlet.http.HttpServletRequest,javax.servlet.http.HttpServletResponse)
2019-09-11 17:01:17.129  INFO 16944 --- [main] o.s.w.s.handler.SimpleUrlHandlerMapping  : Mapped URL path [/webjars/**] onto handler of type [class org.springframework.web.servlet.resource.ResourceHttpRequestHandler]
2019-09-11 17:01:17.129  INFO 16944 --- [main] o.s.w.s.handler.SimpleUrlHandlerMapping  : Mapped URL path [/**] onto handler of type [class org.springframework.web.servlet.resource.ResourceHttpRequestHandler]
2019-09-11 17:01:17.155  INFO 16944 --- [main] o.s.w.s.handler.SimpleUrlHandlerMapping  : Mapped URL path [/**/favicon.ico] onto handler of type [class org.springframework.web.servlet.resource.ResourceHttpRequestHandler]
2019-09-11 17:01:17.258  INFO 16944 --- [main] o.s.j.e.a.AnnotationMBeanExporter        : Registering beans for JMX exposure on startup
2019-09-11 17:01:17.317  INFO 16944 --- [main] s.b.c.e.t.TomcatEmbeddedServletContainer : Tomcat started on port(s): 8090 (http)
2019-09-11 17:01:17.320  INFO 16944 --- [main] com.nik.DemoApplication                  : Started DemoApplication in 2.693 seconds (JVM running for 3.201)
2019-09-11 17:01:34.050  INFO 16944 --- [http-nio-8090-exec-1] o.a.c.c.C.[Tomcat].[localhost].[/]       : Initializing Spring FrameworkServlet 'dispatcherServlet'
2019-09-11 17:01:34.051  INFO 16944 --- [http-nio-8090-exec-1] o.s.web.servlet.DispatcherServlet        : FrameworkServlet 'dispatcherServlet': initialization started
2019-09-11 17:01:34.073  INFO 16944 --- [http-nio-8090-exec-1] o.s.web.servlet.DispatcherServlet        : FrameworkServlet 'dispatcherServlet': initialization completed in 22 ms
2019-09-11 17:02:48.827  INFO 7112 --- [main] com.nik.DemoApplication                  : Starting DemoApplication on INR1601045 with PID 7112 (started by niketk in C:\Niket\Java material\Spring- Boot\Spring-Boot-RESTful-Web-Services)
2019-09-11 17:02:48.830  INFO 7112 --- [main] com.nik.DemoApplication                  : No active profile set, falling back to default profiles: default
2019-09-11 17:02:48.871  INFO 7112 --- [main] ationConfigEmbeddedWebApplicationContext : Refreshing org.springframework.boot.context.embedded.AnnotationConfigEmbeddedWebApplicationContext@31c88ec8: startup date [Wed Sep 11 17:02:48 IST 2019]; root of context hierarchy
2019-09-11 17:02:50.085  INFO 7112 --- [main] s.b.c.e.t.TomcatEmbeddedServletContainer : Tomcat initialized with port(s): 8090 (http)
2019-09-11 17:02:50.102  INFO 7112 --- [main] o.apache.catalina.core.StandardService   : Starting service Tomcat
2019-09-11 17:02:50.103  INFO 7112 --- [main] org.apache.catalina.core.StandardEngine  : Starting Servlet Engine: Apache Tomcat/8.5.6
2019-09-11 17:02:50.372  INFO 7112 --- [localhost-startStop-1] org.apache.jasper.servlet.TldScanner     : At least one JAR was scanned for TLDs yet contained no TLDs. Enable debug logging for this logger for a complete list of JARs that were scanned but no TLDs were found in them. Skipping unneeded JARs during scanning can improve startup time and JSP compilation time.
2019-09-11 17:02:50.377  INFO 7112 --- [localhost-startStop-1] o.a.c.c.C.[Tomcat].[localhost].[/]       : Initializing Spring embedded WebApplicationContext
2019-09-11 17:02:50.377  INFO 7112 --- [localhost-startStop-1] o.s.web.context.ContextLoader            : Root WebApplicationContext: initialization completed in 1509 ms
2019-09-11 17:02:50.520  INFO 7112 --- [localhost-startStop-1] o.s.b.w.servlet.ServletRegistrationBean  : Mapping servlet: 'dispatcherServlet' to [/]
2019-09-11 17:02:50.523  INFO 7112 --- [localhost-startStop-1] o.s.b.w.servlet.FilterRegistrationBean   : Mapping filter: 'characterEncodingFilter' to: [/*]
2019-09-11 17:02:50.524  INFO 7112 --- [localhost-startStop-1] o.s.b.w.servlet.FilterRegistrationBean   : Mapping filter: 'hiddenHttpMethodFilter' to: [/*]
2019-09-11 17:02:50.524  INFO 7112 --- [localhost-startStop-1] o.s.b.w.servlet.FilterRegistrationBean   : Mapping filter: 'httpPutFormContentFilter' to: [/*]
2019-09-11 17:02:50.524  INFO 7112 --- [localhost-startStop-1] o.s.b.w.servlet.FilterRegistrationBean   : Mapping filter: 'requestContextFilter' to: [/*]
2019-09-11 17:02:50.731  INFO 7112 --- [main] s.w.s.m.m.a.RequestMappingHandlerAdapter : Looking for @ControllerAdvice: org.springframework.boot.context.embedded.AnnotationConfigEmbeddedWebApplicationContext@31c88ec8: startup date [Wed Sep 11 17:02:48 IST 2019]; root of context hierarchy
2019-09-11 17:02:50.777  INFO 7112 --- [main] s.w.s.m.m.a.RequestMappingHandlerMapping : Mapped "{[/products/{id}],methods=[DELETE]}" onto public org.springframework.http.ResponseEntity<java.lang.Object> com.nik.ProductServiceController.delete(java.lang.String)
2019-09-11 17:02:50.778  INFO 7112 --- [main] s.w.s.m.m.a.RequestMappingHandlerMapping : Mapped "{[/products],consumes=[text/html],produces=[application/json || application/xml]}" onto public org.springframework.http.ResponseEntity<java.lang.Object> com.nik.ProductServiceController.getProduct()
2019-09-11 17:02:50.778  INFO 7112 --- [main] s.w.s.m.m.a.RequestMappingHandlerMapping : Mapped "{[/products/{id}]}" onto public org.springframework.http.ResponseEntity<java.lang.Object> com.nik.ProductServiceController.getProduct(java.lang.String)
2019-09-11 17:02:50.778  INFO 7112 --- [main] s.w.s.m.m.a.RequestMappingHandlerMapping : Mapped "{[/products],methods=[POST]}" onto public org.springframework.http.ResponseEntity<java.lang.Object> com.nik.ProductServiceController.createProduct(com.nik.Product)
2019-09-11 17:02:50.779  INFO 7112 --- [main] s.w.s.m.m.a.RequestMappingHandlerMapping : Mapped "{[/products/{id}],methods=[PUT]}" onto public org.springframework.http.ResponseEntity<java.lang.Object> com.nik.ProductServiceController.updateProduct(java.lang.String,com.nik.Product)
2019-09-11 17:02:50.781  INFO 7112 --- [main] s.w.s.m.m.a.RequestMappingHandlerMapping : Mapped "{[/error]}" onto public org.springframework.http.ResponseEntity<java.util.Map<java.lang.String, java.lang.Object>> org.springframework.boot.autoconfigure.web.BasicErrorController.error(javax.servlet.http.HttpServletRequest)
2019-09-11 17:02:50.781  INFO 7112 --- [main] s.w.s.m.m.a.RequestMappingHandlerMapping : Mapped "{[/error],produces=[text/html]}" onto public org.springframework.web.servlet.ModelAndView org.springframework.boot.autoconfigure.web.BasicErrorController.errorHtml(javax.servlet.http.HttpServletRequest,javax.servlet.http.HttpServletResponse)
2019-09-11 17:02:50.803  INFO 7112 --- [main] o.s.w.s.handler.SimpleUrlHandlerMapping  : Mapped URL path [/webjars/**] onto handler of type [class org.springframework.web.servlet.resource.ResourceHttpRequestHandler]
2019-09-11 17:02:50.804  INFO 7112 --- [main] o.s.w.s.handler.SimpleUrlHandlerMapping  : Mapped URL path [/**] onto handler of type [class org.springframework.web.servlet.resource.ResourceHttpRequestHandler]
2019-09-11 17:02:50.833  INFO 7112 --- [main] o.s.w.s.handler.SimpleUrlHandlerMapping  : Mapped URL path [/**/favicon.ico] onto handler of type [class org.springframework.web.servlet.resource.ResourceHttpRequestHandler]
2019-09-11 17:02:50.969  INFO 7112 --- [main] o.s.j.e.a.AnnotationMBeanExporter        : Registering beans for JMX exposure on startup
2019-09-11 17:02:51.025  INFO 7112 --- [main] s.b.c.e.t.TomcatEmbeddedServletContainer : Tomcat started on port(s): 8090 (http)
2019-09-11 17:02:51.028  INFO 7112 --- [main] com.nik.DemoApplication                  : Started DemoApplication in 2.591 seconds (JVM running for 3.092)
2019-09-11 17:02:55.437  INFO 7112 --- [http-nio-8090-exec-1] o.a.c.c.C.[Tomcat].[localhost].[/]       : Initializing Spring FrameworkServlet 'dispatcherServlet'
2019-09-11 17:02:55.438  INFO 7112 --- [http-nio-8090-exec-1] o.s.web.servlet.DispatcherServlet        : FrameworkServlet 'dispatcherServlet': initialization started
2019-09-11 17:02:55.461  INFO 7112 --- [http-nio-8090-exec-1] o.s.web.servlet.DispatcherServlet        : FrameworkServlet 'dispatcherServlet': initialization completed in 23 ms
2019-09-11 17:05:02.901  INFO 10176 --- [main] com.nik.DemoApplication                  : Starting DemoApplication on INR1601045 with PID 10176 (started by niketk in C:\Niket\Java material\Spring- Boot\Spring-Boot-RESTful-Web-Services)
2019-09-11 17:05:02.904  INFO 10176 --- [main] com.nik.DemoApplication                  : No active profile set, falling back to default profiles: default
2019-09-11 17:05:02.947  INFO 10176 --- [main] ationConfigEmbeddedWebApplicationContext : Refreshing org.springframework.boot.context.embedded.AnnotationConfigEmbeddedWebApplicationContext@31c88ec8: startup date [Wed Sep 11 17:05:02 IST 2019]; root of context hierarchy
2019-09-11 17:05:04.135  INFO 10176 --- [main] s.b.c.e.t.TomcatEmbeddedServletContainer : Tomcat initialized with port(s): 8090 (http)
2019-09-11 17:05:04.147  INFO 10176 --- [main] o.apache.catalina.core.StandardService   : Starting service Tomcat
2019-09-11 17:05:04.148  INFO 10176 --- [main] org.apache.catalina.core.StandardEngine  : Starting Servlet Engine: Apache Tomcat/8.5.6
2019-09-11 17:05:04.389  INFO 10176 --- [localhost-startStop-1] org.apache.jasper.servlet.TldScanner     : At least one JAR was scanned for TLDs yet contained no TLDs. Enable debug logging for this logger for a complete list of JARs that were scanned but no TLDs were found in them. Skipping unneeded JARs during scanning can improve startup time and JSP compilation time.
2019-09-11 17:05:04.395  INFO 10176 --- [localhost-startStop-1] o.a.c.c.C.[Tomcat].[localhost].[/]       : Initializing Spring embedded WebApplicationContext
2019-09-11 17:05:04.396  INFO 10176 --- [localhost-startStop-1] o.s.web.context.ContextLoader            : Root WebApplicationContext: initialization completed in 1452 ms
2019-09-11 17:05:04.529  INFO 10176 --- [localhost-startStop-1] o.s.b.w.servlet.ServletRegistrationBean  : Mapping servlet: 'dispatcherServlet' to [/]
2019-09-11 17:05:04.532  INFO 10176 --- [localhost-startStop-1] o.s.b.w.servlet.FilterRegistrationBean   : Mapping filter: 'characterEncodingFilter' to: [/*]
2019-09-11 17:05:04.532  INFO 10176 --- [localhost-startStop-1] o.s.b.w.servlet.FilterRegistrationBean   : Mapping filter: 'hiddenHttpMethodFilter' to: [/*]
2019-09-11 17:05:04.532  INFO 10176 --- [localhost-startStop-1] o.s.b.w.servlet.FilterRegistrationBean   : Mapping filter: 'httpPutFormContentFilter' to: [/*]
2019-09-11 17:05:04.532  INFO 10176 --- [localhost-startStop-1] o.s.b.w.servlet.FilterRegistrationBean   : Mapping filter: 'requestContextFilter' to: [/*]
2019-09-11 17:05:04.730  INFO 10176 --- [main] s.w.s.m.m.a.RequestMappingHandlerAdapter : Looking for @ControllerAdvice: org.springframework.boot.context.embedded.AnnotationConfigEmbeddedWebApplicationContext@31c88ec8: startup date [Wed Sep 11 17:05:02 IST 2019]; root of context hierarchy
2019-09-11 17:05:04.774  INFO 10176 --- [main] s.w.s.m.m.a.RequestMappingHandlerMapping : Mapped "{[/products/{id}],methods=[DELETE]}" onto public org.springframework.http.ResponseEntity<java.lang.Object> com.nik.ProductServiceController.delete(java.lang.String)
2019-09-11 17:05:04.775  INFO 10176 --- [main] s.w.s.m.m.a.RequestMappingHandlerMapping : Mapped "{[/products/{id}],methods=[PUT]}" onto public org.springframework.http.ResponseEntity<java.lang.Object> com.nik.ProductServiceController.updateProduct(java.lang.String,com.nik.Product)
2019-09-11 17:05:04.775  INFO 10176 --- [main] s.w.s.m.m.a.RequestMappingHandlerMapping : Mapped "{[/products],methods=[POST]}" onto public org.springframework.http.ResponseEntity<java.lang.Object> com.nik.ProductServiceController.createProduct(com.nik.Product)
2019-09-11 17:05:04.775  INFO 10176 --- [main] s.w.s.m.m.a.RequestMappingHandlerMapping : Mapped "{[/products]}" onto public org.springframework.http.ResponseEntity<java.lang.Object> com.nik.ProductServiceController.getProduct()
2019-09-11 17:05:04.775  INFO 10176 --- [main] s.w.s.m.m.a.RequestMappingHandlerMapping : Mapped "{[/products/{id}]}" onto public org.springframework.http.ResponseEntity<java.lang.Object> com.nik.ProductServiceController.getProduct(java.lang.String)
2019-09-11 17:05:04.777  INFO 10176 --- [main] s.w.s.m.m.a.RequestMappingHandlerMapping : Mapped "{[/error]}" onto public org.springframework.http.ResponseEntity<java.util.Map<java.lang.String, java.lang.Object>> org.springframework.boot.autoconfigure.web.BasicErrorController.error(javax.servlet.http.HttpServletRequest)
2019-09-11 17:05:04.778  INFO 10176 --- [main] s.w.s.m.m.a.RequestMappingHandlerMapping : Mapped "{[/error],produces=[text/html]}" onto public org.springframework.web.servlet.ModelAndView org.springframework.boot.autoconfigure.web.BasicErrorController.errorHtml(javax.servlet.http.HttpServletRequest,javax.servlet.http.HttpServletResponse)
2019-09-11 17:05:04.797  INFO 10176 --- [main] o.s.w.s.handler.SimpleUrlHandlerMapping  : Mapped URL path [/webjars/**] onto handler of type [class org.springframework.web.servlet.resource.ResourceHttpRequestHandler]
2019-09-11 17:05:04.797  INFO 10176 --- [main] o.s.w.s.handler.SimpleUrlHandlerMapping  : Mapped URL path [/**] onto handler of type [class org.springframework.web.servlet.resource.ResourceHttpRequestHandler]
2019-09-11 17:05:04.824  INFO 10176 --- [main] o.s.w.s.handler.SimpleUrlHandlerMapping  : Mapped URL path [/**/favicon.ico] onto handler of type [class org.springframework.web.servlet.resource.ResourceHttpRequestHandler]
2019-09-11 17:05:04.925  INFO 10176 --- [main] o.s.j.e.a.AnnotationMBeanExporter        : Registering beans for JMX exposure on startup
2019-09-11 17:05:04.985  INFO 10176 --- [main] s.b.c.e.t.TomcatEmbeddedServletContainer : Tomcat started on port(s): 8090 (http)
2019-09-11 17:05:04.988  INFO 10176 --- [main] com.nik.DemoApplication                  : Started DemoApplication in 2.456 seconds (JVM running for 2.944)
2019-09-11 17:05:37.604  INFO 10176 --- [http-nio-8090-exec-1] o.a.c.c.C.[Tomcat].[localhost].[/]       : Initializing Spring FrameworkServlet 'dispatcherServlet'
2019-09-11 17:05:37.605  INFO 10176 --- [http-nio-8090-exec-1] o.s.web.servlet.DispatcherServlet        : FrameworkServlet 'dispatcherServlet': initialization started
2019-09-11 17:05:37.627  INFO 10176 --- [http-nio-8090-exec-1] o.s.web.servlet.DispatcherServlet        : FrameworkServlet 'dispatcherServlet': initialization completed in 22 ms
2019-09-19 17:24:54.071  INFO 5048 --- [main] com.nik.DemoApplication                  : Starting DemoApplication on INR1601045 with PID 5048 (started by niketk in C:\Niket\Java material\Spring- Boot\Spring-Boot-RESTful-Web-Services)
2019-09-19 17:24:54.074  INFO 5048 --- [main] com.nik.DemoApplication                  : No active profile set, falling back to default profiles: default
2019-09-19 17:24:54.113  INFO 5048 --- [main] ationConfigEmbeddedWebApplicationContext : Refreshing org.springframework.boot.context.embedded.AnnotationConfigEmbeddedWebApplicationContext@31c88ec8: startup date [Thu Sep 19 17:24:54 IST 2019]; root of context hierarchy
2019-09-19 17:24:55.259  INFO 5048 --- [main] s.b.c.e.t.TomcatEmbeddedServletContainer : Tomcat initialized with port(s): 8090 (http)
2019-09-19 17:24:55.271  INFO 5048 --- [main] o.apache.catalina.core.StandardService   : Starting service Tomcat
2019-09-19 17:24:55.272  INFO 5048 --- [main] org.apache.catalina.core.StandardEngine  : Starting Servlet Engine: Apache Tomcat/8.5.6
2019-09-19 17:24:55.546  INFO 5048 --- [localhost-startStop-1] org.apache.jasper.servlet.TldScanner     : At least one JAR was scanned for TLDs yet contained no TLDs. Enable debug logging for this logger for a complete list of JARs that were scanned but no TLDs were found in them. Skipping unneeded JARs during scanning can improve startup time and JSP compilation time.
2019-09-19 17:24:55.551  INFO 5048 --- [localhost-startStop-1] o.a.c.c.C.[Tomcat].[localhost].[/]       : Initializing Spring embedded WebApplicationContext
2019-09-19 17:24:55.552  INFO 5048 --- [localhost-startStop-1] o.s.web.context.ContextLoader            : Root WebApplicationContext: initialization completed in 1442 ms
2019-09-19 17:24:55.689  INFO 5048 --- [localhost-startStop-1] o.s.b.w.servlet.ServletRegistrationBean  : Mapping servlet: 'dispatcherServlet' to [/]
2019-09-19 17:24:55.692  INFO 5048 --- [localhost-startStop-1] o.s.b.w.servlet.FilterRegistrationBean   : Mapping filter: 'characterEncodingFilter' to: [/*]
2019-09-19 17:24:55.693  INFO 5048 --- [localhost-startStop-1] o.s.b.w.servlet.FilterRegistrationBean   : Mapping filter: 'hiddenHttpMethodFilter' to: [/*]
2019-09-19 17:24:55.693  INFO 5048 --- [localhost-startStop-1] o.s.b.w.servlet.FilterRegistrationBean   : Mapping filter: 'httpPutFormContentFilter' to: [/*]
2019-09-19 17:24:55.693  INFO 5048 --- [localhost-startStop-1] o.s.b.w.servlet.FilterRegistrationBean   : Mapping filter: 'requestContextFilter' to: [/*]
2019-09-19 17:24:55.890  INFO 5048 --- [main] s.w.s.m.m.a.RequestMappingHandlerAdapter : Looking for @ControllerAdvice: org.springframework.boot.context.embedded.AnnotationConfigEmbeddedWebApplicationContext@31c88ec8: startup date [Thu Sep 19 17:24:54 IST 2019]; root of context hierarchy
2019-09-19 17:24:55.939  INFO 5048 --- [main] s.w.s.m.m.a.RequestMappingHandlerMapping : Mapped "{[/products/{id}],methods=[DELETE]}" onto public org.springframework.http.ResponseEntity<java.lang.Object> com.nik.ProductServiceController.delete(java.lang.String)
2019-09-19 17:24:55.940  INFO 5048 --- [main] s.w.s.m.m.a.RequestMappingHandlerMapping : Mapped "{[/products/{id}],methods=[PUT]}" onto public org.springframework.http.ResponseEntity<java.lang.Object> com.nik.ProductServiceController.updateProduct(java.lang.String,com.nik.Product)
2019-09-19 17:24:55.940  INFO 5048 --- [main] s.w.s.m.m.a.RequestMappingHandlerMapping : Mapped "{[/products]}" onto public org.springframework.http.ResponseEntity<java.lang.Object> com.nik.ProductServiceController.getProduct()
2019-09-19 17:24:55.940  INFO 5048 --- [main] s.w.s.m.m.a.RequestMappingHandlerMapping : Mapped "{[/products/{id}],methods=[GET]}" onto public org.springframework.http.ResponseEntity<java.lang.Object> com.nik.ProductServiceController.getProduct(java.lang.String)
2019-09-19 17:24:55.940  INFO 5048 --- [main] s.w.s.m.m.a.RequestMappingHandlerMapping : Mapped "{[/products],methods=[POST]}" onto public org.springframework.http.ResponseEntity<java.lang.Object> com.nik.ProductServiceController.createProduct(com.nik.Product)
2019-09-19 17:24:55.943  INFO 5048 --- [main] s.w.s.m.m.a.RequestMappingHandlerMapping : Mapped "{[/error]}" onto public org.springframework.http.ResponseEntity<java.util.Map<java.lang.String, java.lang.Object>> org.springframework.boot.autoconfigure.web.BasicErrorController.error(javax.servlet.http.HttpServletRequest)
2019-09-19 17:24:55.943  INFO 5048 --- [main] s.w.s.m.m.a.RequestMappingHandlerMapping : Mapped "{[/error],produces=[text/html]}" onto public org.springframework.web.servlet.ModelAndView org.springframework.boot.autoconfigure.web.BasicErrorController.errorHtml(javax.servlet.http.HttpServletRequest,javax.servlet.http.HttpServletResponse)
2019-09-19 17:24:55.965  INFO 5048 --- [main] o.s.w.s.handler.SimpleUrlHandlerMapping  : Mapped URL path [/webjars/**] onto handler of type [class org.springframework.web.servlet.resource.ResourceHttpRequestHandler]
2019-09-19 17:24:55.965  INFO 5048 --- [main] o.s.w.s.handler.SimpleUrlHandlerMapping  : Mapped URL path [/**] onto handler of type [class org.springframework.web.servlet.resource.ResourceHttpRequestHandler]
2019-09-19 17:24:55.989  INFO 5048 --- [main] o.s.w.s.handler.SimpleUrlHandlerMapping  : Mapped URL path [/**/favicon.ico] onto handler of type [class org.springframework.web.servlet.resource.ResourceHttpRequestHandler]
2019-09-19 17:24:56.091  INFO 5048 --- [main] o.s.j.e.a.AnnotationMBeanExporter        : Registering beans for JMX exposure on startup
2019-09-19 17:24:56.151  INFO 5048 --- [main] s.b.c.e.t.TomcatEmbeddedServletContainer : Tomcat started on port(s): 8090 (http)
2019-09-19 17:24:56.153  INFO 5048 --- [main] com.nik.DemoApplication                  : Started DemoApplication in 2.423 seconds (JVM running for 2.881)
2019-09-19 17:25:00.502  INFO 5048 --- [http-nio-8090-exec-1] o.a.c.c.C.[Tomcat].[localhost].[/]       : Initializing Spring FrameworkServlet 'dispatcherServlet'
2019-09-19 17:25:00.502  INFO 5048 --- [http-nio-8090-exec-1] o.s.web.servlet.DispatcherServlet        : FrameworkServlet 'dispatcherServlet': initialization started
2019-09-19 17:25:00.520  INFO 5048 --- [http-nio-8090-exec-1] o.s.web.servlet.DispatcherServlet        : FrameworkServlet 'dispatcherServlet': initialization completed in 18 ms
2019-09-19 17:27:58.010  INFO 13408 --- [main] com.nik.DemoApplication                  : Starting DemoApplication on INR1601045 with PID 13408 (started by niketk in C:\Niket\Java material\Spring- Boot\Spring-Boot-RESTful-Web-Services)
2019-09-19 17:27:58.012  INFO 13408 --- [main] com.nik.DemoApplication                  : No active profile set, falling back to default profiles: default
2019-09-19 17:27:58.051  INFO 13408 --- [main] ationConfigEmbeddedWebApplicationContext : Refreshing org.springframework.boot.context.embedded.AnnotationConfigEmbeddedWebApplicationContext@3d51f06e: startup date [Thu Sep 19 17:27:58 IST 2019]; root of context hierarchy
2019-09-19 17:27:59.210  INFO 13408 --- [main] s.b.c.e.t.TomcatEmbeddedServletContainer : Tomcat initialized with port(s): 8090 (http)
2019-09-19 17:27:59.222  INFO 13408 --- [main] o.apache.catalina.core.StandardService   : Starting service Tomcat
2019-09-19 17:27:59.222  INFO 13408 --- [main] org.apache.catalina.core.StandardEngine  : Starting Servlet Engine: Apache Tomcat/8.5.6
2019-09-19 17:27:59.473  INFO 13408 --- [localhost-startStop-1] org.apache.jasper.servlet.TldScanner     : At least one JAR was scanned for TLDs yet contained no TLDs. Enable debug logging for this logger for a complete list of JARs that were scanned but no TLDs were found in them. Skipping unneeded JARs during scanning can improve startup time and JSP compilation time.
2019-09-19 17:27:59.478  INFO 13408 --- [localhost-startStop-1] o.a.c.c.C.[Tomcat].[localhost].[/]       : Initializing Spring embedded WebApplicationContext
2019-09-19 17:27:59.478  INFO 13408 --- [localhost-startStop-1] o.s.web.context.ContextLoader            : Root WebApplicationContext: initialization completed in 1431 ms
2019-09-19 17:27:59.609  INFO 13408 --- [localhost-startStop-1] o.s.b.w.servlet.ServletRegistrationBean  : Mapping servlet: 'dispatcherServlet' to [/]
2019-09-19 17:27:59.612  INFO 13408 --- [localhost-startStop-1] o.s.b.w.servlet.FilterRegistrationBean   : Mapping filter: 'characterEncodingFilter' to: [/*]
2019-09-19 17:27:59.612  INFO 13408 --- [localhost-startStop-1] o.s.b.w.servlet.FilterRegistrationBean   : Mapping filter: 'hiddenHttpMethodFilter' to: [/*]
2019-09-19 17:27:59.613  INFO 13408 --- [localhost-startStop-1] o.s.b.w.servlet.FilterRegistrationBean   : Mapping filter: 'httpPutFormContentFilter' to: [/*]
2019-09-19 17:27:59.613  INFO 13408 --- [localhost-startStop-1] o.s.b.w.servlet.FilterRegistrationBean   : Mapping filter: 'requestContextFilter' to: [/*]
2019-09-19 17:27:59.804  INFO 13408 --- [main] s.w.s.m.m.a.RequestMappingHandlerAdapter : Looking for @ControllerAdvice: org.springframework.boot.context.embedded.AnnotationConfigEmbeddedWebApplicationContext@3d51f06e: startup date [Thu Sep 19 17:27:58 IST 2019]; root of context hierarchy
2019-09-19 17:27:59.848  INFO 13408 --- [main] s.w.s.m.m.a.RequestMappingHandlerMapping : Mapped "{[/products/{id}],methods=[DELETE]}" onto public org.springframework.http.ResponseEntity<java.lang.Object> com.nik.ProductServiceController.delete(java.lang.String)
2019-09-19 17:27:59.849  INFO 13408 --- [main] s.w.s.m.m.a.RequestMappingHandlerMapping : Mapped "{[/products/{id}],methods=[PUT]}" onto public org.springframework.http.ResponseEntity<java.lang.Object> com.nik.ProductServiceController.updateProduct(java.lang.String,com.nik.Product)
2019-09-19 17:27:59.849  INFO 13408 --- [main] s.w.s.m.m.a.RequestMappingHandlerMapping : Mapped "{[/products],methods=[POST]}" onto public org.springframework.http.ResponseEntity<java.lang.Object> com.nik.ProductServiceController.createProduct(com.nik.Product)
2019-09-19 17:27:59.849  INFO 13408 --- [main] s.w.s.m.m.a.RequestMappingHandlerMapping : Mapped "{[/products]}" onto public org.springframework.http.ResponseEntity<java.lang.Object> com.nik.ProductServiceController.getProduct()
2019-09-19 17:27:59.849  INFO 13408 --- [main] s.w.s.m.m.a.RequestMappingHandlerMapping : Mapped "{[/products/{id}],methods=[GET]}" onto public org.springframework.http.ResponseEntity<java.lang.Object> com.nik.ProductServiceController.getProduct(java.lang.String)
2019-09-19 17:27:59.851  INFO 13408 --- [main] s.w.s.m.m.a.RequestMappingHandlerMapping : Mapped "{[/error]}" onto public org.springframework.http.ResponseEntity<java.util.Map<java.lang.String, java.lang.Object>> org.springframework.boot.autoconfigure.web.BasicErrorController.error(javax.servlet.http.HttpServletRequest)
2019-09-19 17:27:59.851  INFO 13408 --- [main] s.w.s.m.m.a.RequestMappingHandlerMapping : Mapped "{[/error],produces=[text/html]}" onto public org.springframework.web.servlet.ModelAndView org.springframework.boot.autoconfigure.web.BasicErrorController.errorHtml(javax.servlet.http.HttpServletRequest,javax.servlet.http.HttpServletResponse)
2019-09-19 17:27:59.870  INFO 13408 --- [main] o.s.w.s.handler.SimpleUrlHandlerMapping  : Mapped URL path [/webjars/**] onto handler of type [class org.springframework.web.servlet.resource.ResourceHttpRequestHandler]
2019-09-19 17:27:59.870  INFO 13408 --- [main] o.s.w.s.handler.SimpleUrlHandlerMapping  : Mapped URL path [/**] onto handler of type [class org.springframework.web.servlet.resource.ResourceHttpRequestHandler]
2019-09-19 17:27:59.899  INFO 13408 --- [main] o.s.w.s.handler.SimpleUrlHandlerMapping  : Mapped URL path [/**/favicon.ico] onto handler of type [class org.springframework.web.servlet.resource.ResourceHttpRequestHandler]
2019-09-19 17:28:00.014  INFO 13408 --- [main] o.s.j.e.a.AnnotationMBeanExporter        : Registering beans for JMX exposure on startup
2019-09-19 17:28:00.068  INFO 13408 --- [main] s.b.c.e.t.TomcatEmbeddedServletContainer : Tomcat started on port(s): 8090 (http)
2019-09-19 17:28:00.072  INFO 13408 --- [main] com.nik.DemoApplication                  : Started DemoApplication in 2.418 seconds (JVM running for 2.919)
2019-09-19 17:28:05.486  INFO 13408 --- [http-nio-8090-exec-1] o.a.c.c.C.[Tomcat].[localhost].[/]       : Initializing Spring FrameworkServlet 'dispatcherServlet'
2019-09-19 17:28:05.487  INFO 13408 --- [http-nio-8090-exec-1] o.s.web.servlet.DispatcherServlet        : FrameworkServlet 'dispatcherServlet': initialization started
2019-09-19 17:28:05.512  INFO 13408 --- [http-nio-8090-exec-1] o.s.web.servlet.DispatcherServlet        : FrameworkServlet 'dispatcherServlet': initialization completed in 25 ms
